{"header":{"opcode":"1","seq_num":"0001","len":"000"},"payload":"331E441E55","level":"info","message":"INCOMING UPLINK","timestamp":"2018-03-04T16:05:02.728Z"}
{"header":{"opcode":"1","seq_num":"0002","len":"000"},"payload":"331E441E55","level":"info","message":"INCOMING UPLINK","timestamp":"2018-03-04T16:05:20.074Z"}
{"header":{"opcode":"1","seq_num":"0003","len":"000"},"payload":"331E441E55","level":"info","message":"INCOMING UPLINK","timestamp":"2018-03-04T16:05:36.816Z"}
{"header":{"opcode":"1","seq_num":"0004","len":"000"},"payload":"331E441E55","level":"info","message":"INCOMING UPLINK","timestamp":"2018-03-04T16:05:54.434Z"}
{"header":{"opcode":"1","seq_num":"0006","len":"000"},"payload":"331E441E55","level":"info","message":"INCOMING UPLINK","timestamp":"2018-03-04T16:06:28.486Z"}
{"header":{"opcode":"1","seq_num":"0007","len":"000"},"payload":"331E441E55","level":"info","message":"INCOMING UPLINK","timestamp":"2018-03-04T16:06:45.936Z"}
{"header":{"opcode":"1","seq_num":"0008","len":"000"},"payload":"331E441E55","level":"info","message":"INCOMING UPLINK","timestamp":"2018-03-04T16:07:03.439Z"}
{"header":{"opcode":"1","seq_num":"0009","len":"000"},"payload":"331E441E55","level":"info","message":"INCOMING UPLINK","timestamp":"2018-03-04T16:07:20.274Z"}
{"header":{"opcode":"1","seq_num":"000A","len":"000"},"payload":"331E441E55","level":"info","message":"INCOMING UPLINK","timestamp":"2018-03-04T16:07:38.371Z"}
{"header":{"opcode":"1","seq_num":"000B","len":"000"},"payload":"331E441E55","level":"info","message":"INCOMING UPLINK","timestamp":"2018-03-04T16:07:55.148Z"}
{"header":{"opcode":"1","seq_num":"000C","len":"000"},"payload":"331E441E55","level":"info","message":"INCOMING UPLINK","timestamp":"2018-03-04T16:08:12.521Z"}
{"header":{"opcode":"1","seq_num":"000D","len":"000"},"payload":"331E441E55","level":"info","message":"INCOMING UPLINK","timestamp":"2018-03-04T16:08:29.506Z"}
{"header":{"opcode":"1","seq_num":"000E","len":"000"},"payload":"331E441E55","level":"info","message":"INCOMING UPLINK","timestamp":"2018-03-04T16:08:47.033Z"}
{"header":{"opcode":"1","seq_num":"000F","len":"000"},"payload":"331E441E55","level":"info","message":"INCOMING UPLINK","timestamp":"2018-03-04T16:09:04.494Z"}
{"header":{"opcode":"1","seq_num":"0010","len":"000"},"payload":"331E441E55","level":"info","message":"INCOMING UPLINK","timestamp":"2018-03-04T16:09:21.411Z"}
{"header":{"opcode":"1","seq_num":"0011","len":"000"},"payload":"331E441E55","level":"info","message":"INCOMING UPLINK","timestamp":"2018-03-04T16:09:38.512Z"}
{"header":{"opcode":"1","seq_num":"0012","len":"000"},"payload":"331E441E55","level":"info","message":"INCOMING UPLINK","timestamp":"2018-03-04T16:09:55.994Z"}
{"header":{"opcode":"1","seq_num":"0013","len":"000"},"payload":"331E441E55","level":"info","message":"INCOMING UPLINK","timestamp":"2018-03-04T16:10:13.200Z"}
{"header":{"opcode":"1","seq_num":"0014","len":"000"},"payload":"331E441E55","level":"info","message":"INCOMING UPLINK","timestamp":"2018-03-04T16:10:30.122Z"}
{"header":{"opcode":"1","seq_num":"0015","len":"000"},"payload":"331E441E55","level":"info","message":"INCOMING UPLINK","timestamp":"2018-03-04T16:10:47.412Z"}
{"header":{"opcode":"1","seq_num":"0016","len":"000"},"payload":"331E441E55","level":"info","message":"INCOMING UPLINK","timestamp":"2018-03-04T16:11:04.885Z"}
{"header":{"opcode":"1","seq_num":"0017","len":"000"},"payload":"331E441E55","level":"info","message":"INCOMING UPLINK","timestamp":"2018-03-04T16:11:21.773Z"}
{"header":{"opcode":"1","seq_num":"0018","len":"000"},"payload":"331E441E55","level":"info","message":"INCOMING UPLINK","timestamp":"2018-03-04T16:11:39.526Z"}
{"header":{"opcode":"1","seq_num":"0019","len":"000"},"payload":"331E441E55","level":"info","message":"INCOMING UPLINK","timestamp":"2018-03-04T16:11:57.379Z"}
{"header":{"opcode":"1","seq_num":"001A","len":"000"},"payload":"331E441E55","level":"info","message":"INCOMING UPLINK","timestamp":"2018-03-04T16:12:13.491Z"}
{"header":{"opcode":"1","seq_num":"001D","len":"000"},"payload":"331E441E55","level":"info","message":"INCOMING UPLINK","timestamp":"2018-03-04T16:13:05.437Z"}
{"header":{"opcode":"1","seq_num":"001E","len":"000"},"payload":"331E441E55","level":"info","message":"INCOMING UPLINK","timestamp":"2018-03-04T16:13:22.707Z"}
{"header":{"opcode":"1","seq_num":"001F","len":"000"},"payload":"331E441E55","level":"info","message":"INCOMING UPLINK","timestamp":"2018-03-04T16:13:39.903Z"}
{"header":{"opcode":"1","seq_num":"0020","len":"000"},"payload":"331E441E55","level":"info","message":"INCOMING UPLINK","timestamp":"2018-03-04T16:13:56.833Z"}
{"header":{"opcode":"1","seq_num":"0021","len":"000"},"payload":"331E441E55","level":"info","message":"INCOMING UPLINK","timestamp":"2018-03-04T16:14:14.569Z"}
{"header":{"opcode":"1","seq_num":"0022","len":"000"},"payload":"331E441E55","level":"info","message":"INCOMING UPLINK","timestamp":"2018-03-04T16:14:32.246Z"}
{"header":{"opcode":"1","seq_num":"0023","len":"000"},"payload":"331E441E55","level":"info","message":"INCOMING UPLINK","timestamp":"2018-03-04T16:14:49.665Z"}
{"header":{"opcode":"1","seq_num":"0024","len":"000"},"payload":"331E441E55","level":"info","message":"INCOMING UPLINK","timestamp":"2018-03-04T16:15:06.827Z"}
{"header":{"opcode":"1","seq_num":"0025","len":"000"},"payload":"331E441E55","level":"info","message":"INCOMING UPLINK","timestamp":"2018-03-04T16:15:24.041Z"}
{"header":{"opcode":"1","seq_num":"0026","len":"000"},"payload":"331E441E55","level":"info","message":"INCOMING UPLINK","timestamp":"2018-03-04T16:15:41.390Z"}
{"header":{"opcode":"1","seq_num":"0027","len":"000"},"payload":"331E441E55","level":"info","message":"INCOMING UPLINK","timestamp":"2018-03-04T16:15:58.478Z"}
{"header":{"opcode":"1","seq_num":"0028","len":"000"},"payload":"331E441E55","level":"info","message":"INCOMING UPLINK","timestamp":"2018-03-04T16:16:15.530Z"}
{"header":{"opcode":"1","seq_num":"0029","len":"000"},"payload":"331E441E55","level":"info","message":"INCOMING UPLINK","timestamp":"2018-03-04T16:16:33.103Z"}
{"header":{"opcode":"1","seq_num":"002A","len":"000"},"payload":"331E441E55","level":"info","message":"INCOMING UPLINK","timestamp":"2018-03-04T16:16:51.258Z"}
{"header":{"opcode":"1","seq_num":"002B","len":"000"},"payload":"331E441E55","level":"info","message":"INCOMING UPLINK","timestamp":"2018-03-04T16:17:08.672Z"}
{"header":{"opcode":"1","seq_num":"002C","len":"000"},"payload":"331E441E55","level":"info","message":"INCOMING UPLINK","timestamp":"2018-03-04T16:17:25.612Z"}
{"header":{"opcode":"1","seq_num":"002D","len":"000"},"payload":"331E441E55","level":"info","message":"INCOMING UPLINK","timestamp":"2018-03-04T16:17:43.229Z"}
{"header":{"opcode":"1","seq_num":"002F","len":"000"},"payload":"331E441E55","level":"info","message":"INCOMING UPLINK","timestamp":"2018-03-04T16:18:16.882Z"}
{"header":{"opcode":"1","seq_num":"0030","len":"000"},"payload":"331E441E55","level":"info","message":"INCOMING UPLINK","timestamp":"2018-03-04T16:18:34.202Z"}
{"header":{"opcode":"1","seq_num":"0031","len":"000"},"payload":"331E441E55","level":"info","message":"INCOMING UPLINK","timestamp":"2018-03-04T16:18:51.653Z"}
{"header":{"opcode":"1","seq_num":"0032","len":"000"},"payload":"331E441E55","level":"info","message":"INCOMING UPLINK","timestamp":"2018-03-04T16:19:08.576Z"}
{"header":{"opcode":"1","seq_num":"0033","len":"000"},"payload":"331E441E55","level":"info","message":"INCOMING UPLINK","timestamp":"2018-03-04T16:19:26.233Z"}
{"header":{"opcode":"1","seq_num":"0034","len":"000"},"payload":"331E441E55","level":"info","message":"INCOMING UPLINK","timestamp":"2018-03-04T16:19:43.272Z"}
{"header":{"opcode":"1","seq_num":"0035","len":"000"},"payload":"331E441E55","level":"info","message":"INCOMING UPLINK","timestamp":"2018-03-04T16:20:00.323Z"}
{"header":{"opcode":"1","seq_num":"0036","len":"000"},"payload":"331E441E55","level":"info","message":"INCOMING UPLINK","timestamp":"2018-03-04T16:20:17.854Z"}
{"header":{"opcode":"1","seq_num":"0037","len":"000"},"payload":"331E441E55","level":"info","message":"INCOMING UPLINK","timestamp":"2018-03-04T16:20:35.082Z"}
{"header":{"opcode":"1","seq_num":"0038","len":"000"},"payload":"331E441E55","level":"info","message":"INCOMING UPLINK","timestamp":"2018-03-04T16:20:51.935Z"}
{"header":{"opcode":"1","seq_num":"0039","len":"000"},"payload":"331E441E55","level":"info","message":"INCOMING UPLINK","timestamp":"2018-03-04T16:21:09.333Z"}
{"header":{"opcode":"1","seq_num":"003A","len":"000"},"payload":"331E441E55","level":"info","message":"INCOMING UPLINK","timestamp":"2018-03-04T16:21:26.553Z"}
{"header":{"opcode":"1","seq_num":"003B","len":"000"},"payload":"331E441E55","level":"info","message":"INCOMING UPLINK","timestamp":"2018-03-04T16:21:44.338Z"}
{"header":{"opcode":"1","seq_num":"003C","len":"000"},"payload":"331E441E55","level":"info","message":"INCOMING UPLINK","timestamp":"2018-03-04T16:22:01.369Z"}
{"header":{"opcode":"1","seq_num":"003D","len":"000"},"payload":"331E441E55","level":"info","message":"INCOMING UPLINK","timestamp":"2018-03-04T16:22:18.877Z"}
{"header":{"opcode":"1","seq_num":"003E","len":"000"},"payload":"331E441E55","level":"info","message":"INCOMING UPLINK","timestamp":"2018-03-04T16:22:36.252Z"}
{"header":{"opcode":"1","seq_num":"003F","len":"000"},"payload":"331E441E55","level":"info","message":"INCOMING UPLINK","timestamp":"2018-03-04T16:22:53.324Z"}
{"header":{"opcode":"1","seq_num":"0040","len":"000"},"payload":"331E441E55","level":"info","message":"INCOMING UPLINK","timestamp":"2018-03-04T16:23:10.482Z"}
{"header":{"opcode":"1","seq_num":"0041","len":"000"},"payload":"331E441E55","level":"info","message":"INCOMING UPLINK","timestamp":"2018-03-04T16:23:27.971Z"}
{"header":{"opcode":"1","seq_num":"0042","len":"000"},"payload":"331E441E55","level":"info","message":"INCOMING UPLINK","timestamp":"2018-03-04T16:23:44.752Z"}
{"header":{"opcode":"1","seq_num":"0043","len":"000"},"payload":"331E441E55","level":"info","message":"INCOMING UPLINK","timestamp":"2018-03-04T16:24:02.187Z"}
{"header":{"opcode":"1","seq_num":"0044","len":"000"},"payload":"331E441E55","level":"info","message":"INCOMING UPLINK","timestamp":"2018-03-04T16:24:19.209Z"}
{"header":{"opcode":"1","seq_num":"0045","len":"000"},"payload":"331E441E55","level":"info","message":"INCOMING UPLINK","timestamp":"2018-03-04T16:24:36.722Z"}
{"header":{"opcode":"1","seq_num":"0046","len":"000"},"payload":"331E441E55","level":"info","message":"INCOMING UPLINK","timestamp":"2018-03-04T16:24:53.942Z"}
{"header":{"opcode":"1","seq_num":"0047","len":"000"},"payload":"331E441E55","level":"info","message":"INCOMING UPLINK","timestamp":"2018-03-04T16:25:10.813Z"}
{"header":{"opcode":"1","seq_num":"0048","len":"000"},"payload":"331E441E55","level":"info","message":"INCOMING UPLINK","timestamp":"2018-03-04T16:25:28.234Z"}
{"header":{"opcode":"1","seq_num":"0049","len":"000"},"payload":"331E441E55","level":"info","message":"INCOMING UPLINK","timestamp":"2018-03-04T16:25:46.230Z"}
{"header":{"opcode":"1","seq_num":"004A","len":"000"},"payload":"331E441E55","level":"info","message":"INCOMING UPLINK","timestamp":"2018-03-04T16:26:03.152Z"}
{"header":{"opcode":"1","seq_num":"004B","len":"000"},"payload":"331E441E55","level":"info","message":"INCOMING UPLINK","timestamp":"2018-03-04T16:26:20.199Z"}
{"header":{"opcode":"1","seq_num":"004C","len":"000"},"payload":"331E441E55","level":"info","message":"INCOMING UPLINK","timestamp":"2018-03-04T16:26:37.626Z"}
{"header":{"opcode":"1","seq_num":"004D","len":"000"},"payload":"331E441E55","level":"info","message":"INCOMING UPLINK","timestamp":"2018-03-04T16:26:54.941Z"}
{"header":{"opcode":"1","seq_num":"004E","len":"000"},"payload":"331E441E55","level":"info","message":"INCOMING UPLINK","timestamp":"2018-03-04T16:27:12.011Z"}
{"header":{"opcode":"1","seq_num":"004F","len":"000"},"payload":"331E441E55","level":"info","message":"INCOMING UPLINK","timestamp":"2018-03-04T16:27:29.147Z"}
{"header":{"opcode":"1","seq_num":"0051","len":"000"},"payload":"331E441E55","level":"info","message":"INCOMING UPLINK","timestamp":"2018-03-04T16:28:04.032Z"}
{"header":{"opcode":"1","seq_num":"0052","len":"000"},"payload":"331E441E55","level":"info","message":"INCOMING UPLINK","timestamp":"2018-03-04T16:28:21.578Z"}
{"header":{"opcode":"1","seq_num":"0053","len":"000"},"payload":"331E441E55","level":"info","message":"INCOMING UPLINK","timestamp":"2018-03-04T16:28:38.520Z"}
{"header":{"opcode":"1","seq_num":"0054","len":"000"},"payload":"331E441E55","level":"info","message":"INCOMING UPLINK","timestamp":"2018-03-04T16:28:57.242Z"}
{"header":{"opcode":"1","seq_num":"0056","len":"000"},"payload":"331E441E55","level":"info","message":"INCOMING UPLINK","timestamp":"2018-03-04T16:29:30.570Z"}
{"header":{"opcode":"1","seq_num":"0057","len":"000"},"payload":"331E441E55","level":"info","message":"INCOMING UPLINK","timestamp":"2018-03-04T16:29:47.787Z"}
{"header":{"opcode":"1","seq_num":"0058","len":"000"},"payload":"331E441E55","level":"info","message":"INCOMING UPLINK","timestamp":"2018-03-04T16:30:05.188Z"}
{"header":{"opcode":"1","seq_num":"005A","len":"000"},"payload":"331E441E55","level":"info","message":"INCOMING UPLINK","timestamp":"2018-03-04T16:30:39.374Z"}
{"header":{"opcode":"1","seq_num":"005B","len":"000"},"payload":"331E441E55","level":"info","message":"INCOMING UPLINK","timestamp":"2018-03-04T16:30:58.069Z"}
{"header":{"opcode":"1","seq_num":"005C","len":"000"},"payload":"331E441E55","level":"info","message":"INCOMING UPLINK","timestamp":"2018-03-04T16:31:15.044Z"}
{"header":{"opcode":"1","seq_num":"005D","len":"000"},"payload":"331E441E55","level":"info","message":"INCOMING UPLINK","timestamp":"2018-03-04T16:31:32.007Z"}
{"header":{"opcode":"1","seq_num":"005E","len":"000"},"payload":"331E441E55","level":"info","message":"INCOMING UPLINK","timestamp":"2018-03-04T16:31:49.624Z"}
{"header":{"opcode":"1","seq_num":"005F","len":"000"},"payload":"331E441E55","level":"info","message":"INCOMING UPLINK","timestamp":"2018-03-04T16:32:06.440Z"}
{"header":{"opcode":"1","seq_num":"0060","len":"000"},"payload":"331E441E55","level":"info","message":"INCOMING UPLINK","timestamp":"2018-03-04T16:32:24.132Z"}
{"header":{"opcode":"1","seq_num":"0061","len":"000"},"payload":"331E441E55","level":"info","message":"INCOMING UPLINK","timestamp":"2018-03-04T16:32:41.607Z"}
{"header":{"opcode":"1","seq_num":"0063","len":"000"},"payload":"331E441E55","level":"info","message":"INCOMING UPLINK","timestamp":"2018-03-04T16:33:15.402Z"}
{"header":{"opcode":"1","seq_num":"0064","len":"000"},"payload":"331E441E55","level":"info","message":"INCOMING UPLINK","timestamp":"2018-03-04T16:33:32.928Z"}
{"header":{"opcode":"1","seq_num":"0065","len":"000"},"payload":"331E441E55","level":"info","message":"INCOMING UPLINK","timestamp":"2018-03-04T16:33:50.457Z"}
{"header":{"opcode":"1","seq_num":"0066","len":"000"},"payload":"331E441E55","level":"info","message":"INCOMING UPLINK","timestamp":"2018-03-04T16:34:07.390Z"}
{"header":{"opcode":"1","seq_num":"0067","len":"000"},"payload":"331E441E55","level":"info","message":"INCOMING UPLINK","timestamp":"2018-03-04T16:34:24.313Z"}
{"header":{"opcode":"1","seq_num":"0068","len":"000"},"payload":"331E441E55","level":"info","message":"INCOMING UPLINK","timestamp":"2018-03-04T16:34:42.009Z"}
{"header":{"opcode":"1","seq_num":"0069","len":"000"},"payload":"331E441E55","level":"info","message":"INCOMING UPLINK","timestamp":"2018-03-04T16:34:59.393Z"}
{"header":{"opcode":"1","seq_num":"006A","len":"000"},"payload":"331E441E55","level":"info","message":"INCOMING UPLINK","timestamp":"2018-03-04T16:35:15.943Z"}
{"header":{"opcode":"1","seq_num":"006B","len":"000"},"payload":"331E441E55","level":"info","message":"INCOMING UPLINK","timestamp":"2018-03-04T16:35:33.523Z"}
{"header":{"opcode":"1","seq_num":"006C","len":"000"},"payload":"331E441E55","level":"info","message":"INCOMING UPLINK","timestamp":"2018-03-04T16:35:50.797Z"}
{"header":{"opcode":"1","seq_num":"006E","len":"000"},"payload":"331E441E55","level":"info","message":"INCOMING UPLINK","timestamp":"2018-03-04T16:36:25.050Z"}
{"header":{"opcode":"1","seq_num":"006F","len":"000"},"payload":"331E441E55","level":"info","message":"INCOMING UPLINK","timestamp":"2018-03-04T16:36:42.615Z"}
{"header":{"opcode":"1","seq_num":"0070","len":"000"},"payload":"331E441E55","level":"info","message":"INCOMING UPLINK","timestamp":"2018-03-04T16:36:59.780Z"}
{"header":{"opcode":"1","seq_num":"0071","len":"000"},"payload":"331E441E55","level":"info","message":"INCOMING UPLINK","timestamp":"2018-03-04T16:37:16.777Z"}
{"header":{"opcode":"1","seq_num":"0073","len":"000"},"payload":"331E441E55","level":"info","message":"INCOMING UPLINK","timestamp":"2018-03-04T16:37:51.228Z"}
{"header":{"opcode":"1","seq_num":"0074","len":"000"},"payload":"331E441E55","level":"info","message":"INCOMING UPLINK","timestamp":"2018-03-04T16:38:08.489Z"}
{"header":{"opcode":"1","seq_num":"0075","len":"000"},"payload":"331E441E55","level":"info","message":"INCOMING UPLINK","timestamp":"2018-03-04T16:38:26.396Z"}
{"header":{"opcode":"1","seq_num":"0076","len":"000"},"payload":"331E441E55","level":"info","message":"INCOMING UPLINK","timestamp":"2018-03-04T16:38:43.470Z"}
{"header":{"opcode":"1","seq_num":"0077","len":"000"},"payload":"331E441E55","level":"info","message":"INCOMING UPLINK","timestamp":"2018-03-04T16:39:00.207Z"}
{"header":{"opcode":"1","seq_num":"0078","len":"000"},"payload":"331E441E55","level":"info","message":"INCOMING UPLINK","timestamp":"2018-03-04T16:39:17.943Z"}
{"header":{"opcode":"1","seq_num":"0079","len":"000"},"payload":"331E441E55","level":"info","message":"INCOMING UPLINK","timestamp":"2018-03-04T16:39:34.650Z"}
{"header":{"opcode":"1","seq_num":"007A","len":"000"},"payload":"331E441E55","level":"info","message":"INCOMING UPLINK","timestamp":"2018-03-04T16:39:52.120Z"}
{"header":{"opcode":"1","seq_num":"007B","len":"000"},"payload":"331E441E55","level":"info","message":"INCOMING UPLINK","timestamp":"2018-03-04T16:40:09.472Z"}
{"header":{"opcode":"1","seq_num":"007C","len":"000"},"payload":"331E441E55","level":"info","message":"INCOMING UPLINK","timestamp":"2018-03-04T16:40:26.577Z"}
{"header":{"opcode":"1","seq_num":"007D","len":"000"},"payload":"331E441E55","level":"info","message":"INCOMING UPLINK","timestamp":"2018-03-04T16:40:43.659Z"}
{"header":{"opcode":"1","seq_num":"007E","len":"000"},"payload":"331E441E55","level":"info","message":"INCOMING UPLINK","timestamp":"2018-03-04T16:41:01.180Z"}
{"header":{"opcode":"1","seq_num":"007F","len":"000"},"payload":"331E441E55","level":"info","message":"INCOMING UPLINK","timestamp":"2018-03-04T16:41:18.044Z"}
{"header":{"opcode":"1","seq_num":"0080","len":"000"},"payload":"331E441E55","level":"info","message":"INCOMING UPLINK","timestamp":"2018-03-04T16:41:35.415Z"}
{"header":{"opcode":"1","seq_num":"0081","len":"000"},"payload":"331E441E55","level":"info","message":"INCOMING UPLINK","timestamp":"2018-03-04T16:41:52.731Z"}
{"header":{"opcode":"1","seq_num":"0082","len":"000"},"payload":"331E441E55","level":"info","message":"INCOMING UPLINK","timestamp":"2018-03-04T16:42:09.694Z"}
{"header":{"opcode":"1","seq_num":"0083","len":"000"},"payload":"331E441E55","level":"info","message":"INCOMING UPLINK","timestamp":"2018-03-04T16:42:26.906Z"}
{"header":{"opcode":"1","seq_num":"0084","len":"000"},"payload":"331E441E55","level":"info","message":"INCOMING UPLINK","timestamp":"2018-03-04T16:42:44.384Z"}
{"header":{"opcode":"1","seq_num":"0085","len":"000"},"payload":"331E441E55","level":"info","message":"INCOMING UPLINK","timestamp":"2018-03-04T16:43:01.348Z"}
{"header":{"opcode":"1","seq_num":"0086","len":"000"},"payload":"331E441E55","level":"info","message":"INCOMING UPLINK","timestamp":"2018-03-04T16:43:18.826Z"}
{"header":{"opcode":"1","seq_num":"0087","len":"000"},"payload":"331E441E55","level":"info","message":"INCOMING UPLINK","timestamp":"2018-03-04T16:43:36.677Z"}
{"header":{"opcode":"1","seq_num":"0088","len":"000"},"payload":"331E441E55","level":"info","message":"INCOMING UPLINK","timestamp":"2018-03-04T16:43:53.650Z"}
{"header":{"opcode":"1","seq_num":"0089","len":"000"},"payload":"331E441E55","level":"info","message":"INCOMING UPLINK","timestamp":"2018-03-04T16:44:10.889Z"}
{"header":{"opcode":"1","seq_num":"008A","len":"000"},"payload":"331E441E55","level":"info","message":"INCOMING UPLINK","timestamp":"2018-03-04T16:44:28.057Z"}
{"header":{"opcode":"1","seq_num":"008B","len":"000"},"payload":"331E441E55","level":"info","message":"INCOMING UPLINK","timestamp":"2018-03-04T16:44:45.183Z"}
{"header":{"opcode":"1","seq_num":"008C","len":"000"},"payload":"331E441E55","level":"info","message":"INCOMING UPLINK","timestamp":"2018-03-04T16:45:03.347Z"}
{"header":{"opcode":"1","seq_num":"008E","len":"000"},"payload":"331E441E55","level":"info","message":"INCOMING UPLINK","timestamp":"2018-03-04T16:45:37.405Z"}
{"header":{"opcode":"1","seq_num":"008F","len":"000"},"payload":"331E441E55","level":"info","message":"INCOMING UPLINK","timestamp":"2018-03-04T16:45:54.832Z"}
{"header":{"opcode":"1","seq_num":"0090","len":"000"},"payload":"331E441E55","level":"info","message":"INCOMING UPLINK","timestamp":"2018-03-04T16:46:11.973Z"}
{"header":{"opcode":"1","seq_num":"0091","len":"000"},"payload":"331E441E55","level":"info","message":"INCOMING UPLINK","timestamp":"2018-03-04T16:46:28.965Z"}
{"header":{"opcode":"1","seq_num":"0092","len":"000"},"payload":"331E441E55","level":"info","message":"INCOMING UPLINK","timestamp":"2018-03-04T16:46:46.379Z"}
{"header":{"opcode":"1","seq_num":"0093","len":"000"},"payload":"331E441E55","level":"info","message":"INCOMING UPLINK","timestamp":"2018-03-04T16:47:04.173Z"}
{"header":{"opcode":"1","seq_num":"0094","len":"000"},"payload":"331E441E55","level":"info","message":"INCOMING UPLINK","timestamp":"2018-03-04T16:47:20.887Z"}
{"header":{"opcode":"1","seq_num":"0095","len":"000"},"payload":"331E441E55","level":"info","message":"INCOMING UPLINK","timestamp":"2018-03-04T16:47:38.966Z"}
{"header":{"opcode":"1","seq_num":"0096","len":"000"},"payload":"331E441E55","level":"info","message":"INCOMING UPLINK","timestamp":"2018-03-04T16:47:55.142Z"}
{"header":{"opcode":"1","seq_num":"0097","len":"000"},"payload":"331E441E55","level":"info","message":"INCOMING UPLINK","timestamp":"2018-03-04T16:48:12.551Z"}
{"header":{"opcode":"1","seq_num":"0098","len":"000"},"payload":"331E441E55","level":"info","message":"INCOMING UPLINK","timestamp":"2018-03-04T16:48:29.551Z"}
{"header":{"opcode":"1","seq_num":"0099","len":"000"},"payload":"331E441E55","level":"info","message":"INCOMING UPLINK","timestamp":"2018-03-04T16:48:46.823Z"}
{"header":{"opcode":"1","seq_num":"009A","len":"000"},"payload":"331E441E55","level":"info","message":"INCOMING UPLINK","timestamp":"2018-03-04T16:49:04.111Z"}
{"header":{"opcode":"1","seq_num":"009B","len":"000"},"payload":"331E441E55","level":"info","message":"INCOMING UPLINK","timestamp":"2018-03-04T16:49:21.159Z"}
{"header":{"opcode":"1","seq_num":"009C","len":"000"},"payload":"331E441E55","level":"info","message":"INCOMING UPLINK","timestamp":"2018-03-04T16:49:38.957Z"}
{"header":{"opcode":"1","seq_num":"009D","len":"000"},"payload":"331E441E55","level":"info","message":"INCOMING UPLINK","timestamp":"2018-03-04T16:49:55.916Z"}
{"header":{"opcode":"1","seq_num":"009E","len":"000"},"payload":"331E441E55","level":"info","message":"INCOMING UPLINK","timestamp":"2018-03-04T16:50:13.316Z"}
{"header":{"opcode":"1","seq_num":"009F","len":"000"},"payload":"331E441E55","level":"info","message":"INCOMING UPLINK","timestamp":"2018-03-04T16:50:30.454Z"}
