{"header":{"opcode":"2","seq_num":"0001","len":"000"},"payload":"331E441E55","level":"info","message":"INCOMING UPLINK","timestamp":"2018-03-03T14:53:49.404Z"}
{"seq_num":"0001","opcode":"2","len":"000","data":"331E441E55331E441E55","assembled_packet":"20001000331E441E55331E441E55","level":"info","message":"OUTGOING DOWNLINK","timestamp":"2018-03-03T14:53:50.423Z"}
{"header":{"opcode":"2","seq_num":"0002","len":"000"},"payload":"331E441E55","level":"info","message":"INCOMING UPLINK","timestamp":"2018-03-03T14:55:11.907Z"}
{"seq_num":"0002","opcode":"2","len":"000","data":"331E441E55331E441E55","assembled_packet":"20002000331E441E55331E441E55","level":"info","message":"OUTGOING DOWNLINK","timestamp":"2018-03-03T14:55:12.914Z"}
{"header":{"opcode":"2","seq_num":"0005","len":"000"},"payload":"331E441E55","level":"info","message":"INCOMING UPLINK","timestamp":"2018-03-03T14:56:39.729Z"}
{"seq_num":"0003","opcode":"2","len":"000","data":"331E441E55331E441E55","assembled_packet":"20003000331E441E55331E441E55","level":"info","message":"OUTGOING DOWNLINK","timestamp":"2018-03-03T14:56:40.735Z"}
{"header":{"opcode":"2","seq_num":"0006","len":"000"},"payload":"331E441E55","level":"info","message":"INCOMING UPLINK","timestamp":"2018-03-03T14:57:06.902Z"}
{"seq_num":"0004","opcode":"2","len":"000","data":"331E441E55331E441E55","assembled_packet":"20004000331E441E55331E441E55","level":"info","message":"OUTGOING DOWNLINK","timestamp":"2018-03-03T14:57:07.909Z"}
{"header":{"opcode":"2","seq_num":"0007","len":"000"},"payload":"331E441E55","level":"info","message":"INCOMING UPLINK","timestamp":"2018-03-03T14:57:28.622Z"}
{"seq_num":"0005","opcode":"2","len":"000","data":"331E441E55331E441E55","assembled_packet":"20005000331E441E55331E441E55","level":"info","message":"OUTGOING DOWNLINK","timestamp":"2018-03-03T14:57:29.628Z"}
{"header":{"opcode":"2","seq_num":"0007","len":"000"},"payload":"331E441E55","level":"info","message":"INCOMING UPLINK","timestamp":"2018-03-03T14:57:31.346Z"}
{"seq_num":"0006","opcode":"2","len":"000","data":"331E441E55331E441E55","assembled_packet":"20006000331E441E55331E441E55","level":"info","message":"OUTGOING DOWNLINK","timestamp":"2018-03-03T14:57:32.352Z"}
{"header":{"opcode":"3","seq_num":"0008","len":"000"},"payload":"0105071E22","level":"info","message":"INCOMING UPLINK","timestamp":"2018-03-03T14:57:46.168Z"}
{"header":{"opcode":"3","seq_num":"0008","len":"000"},"payload":"0105071E22","level":"info","message":"INCOMING UPLINK","timestamp":"2018-03-03T14:57:49.179Z"}
{"header":{"opcode":"2","seq_num":"000B","len":"000"},"payload":"331E441E55","level":"info","message":"INCOMING UPLINK","timestamp":"2018-03-03T14:59:04.282Z"}
{"seq_num":"0007","opcode":"2","len":"000","data":"331E441E55331E441E55","assembled_packet":"20007000331E441E55331E441E55","level":"info","message":"OUTGOING DOWNLINK","timestamp":"2018-03-03T14:59:05.287Z"}
{"header":{"opcode":"2","seq_num":"000C","len":"000"},"payload":"331E441E55","level":"info","message":"INCOMING UPLINK","timestamp":"2018-03-03T14:59:31.731Z"}
{"seq_num":"0008","opcode":"2","len":"000","data":"331E441E55331E441E55","assembled_packet":"20008000331E441E55331E441E55","level":"info","message":"OUTGOING DOWNLINK","timestamp":"2018-03-03T14:59:32.737Z"}
{"header":{"opcode":"2","seq_num":"000D","len":"000"},"payload":"331E441E55","level":"info","message":"INCOMING UPLINK","timestamp":"2018-03-03T14:59:54.316Z"}
{"seq_num":"0009","opcode":"2","len":"000","data":"331E441E55331E441E55","assembled_packet":"20009000331E441E55331E441E55","level":"info","message":"OUTGOING DOWNLINK","timestamp":"2018-03-03T14:59:55.322Z"}
{"header":{"opcode":"2","seq_num":"000E","len":"000"},"payload":"331E441E55","level":"info","message":"INCOMING UPLINK","timestamp":"2018-03-03T15:00:15.897Z"}
{"seq_num":"000a","opcode":"2","len":"000","data":"331E441E55331E441E55","assembled_packet":"2000a000331E441E55331E441E55","level":"info","message":"OUTGOING DOWNLINK","timestamp":"2018-03-03T15:00:16.905Z"}
{"header":{"opcode":"1","seq_num":"0010","len":"000"},"payload":"331E441E55","level":"info","message":"INCOMING UPLINK","timestamp":"2018-03-03T15:01:07.060Z"}
{"header":{"opcode":"1","seq_num":"0010","len":"000"},"payload":"331E441E55","level":"info","message":"INCOMING UPLINK","timestamp":"2018-03-03T15:01:09.624Z"}
{"header":{"opcode":"1","seq_num":"0011","len":"000"},"payload":"331E441E55","level":"info","message":"INCOMING UPLINK","timestamp":"2018-03-03T15:01:28.826Z"}
{"header":{"opcode":"3","seq_num":"0012","len":"000"},"payload":"0105071E22","level":"info","message":"INCOMING UPLINK","timestamp":"2018-03-03T15:01:44.512Z"}
{"header":{"opcode":"2","seq_num":"0013","len":"000"},"payload":"331E441E55","level":"info","message":"INCOMING UPLINK","timestamp":"2018-03-03T15:02:07.283Z"}
{"seq_num":"000b","opcode":"2","len":"000","data":"331E441E55331E441E55","assembled_packet":"2000b000331E441E55331E441E55","level":"info","message":"OUTGOING DOWNLINK","timestamp":"2018-03-03T15:02:08.290Z"}
{"header":{"opcode":"2","seq_num":"0015","len":"000"},"payload":"331E441E55","level":"info","message":"INCOMING UPLINK","timestamp":"2018-03-03T15:03:00.637Z"}
{"seq_num":"000c","opcode":"2","len":"000","data":"331E441E55331E441E55","assembled_packet":"2000c000331E441E55331E441E55","level":"info","message":"OUTGOING DOWNLINK","timestamp":"2018-03-03T15:03:01.645Z"}
{"header":{"opcode":"2","seq_num":"0016","len":"000"},"payload":"331E441E55","level":"info","message":"INCOMING UPLINK","timestamp":"2018-03-03T15:03:23.435Z"}
{"seq_num":"000d","opcode":"2","len":"000","data":"331E441E55331E441E55","assembled_packet":"2000d000331E441E55331E441E55","level":"info","message":"OUTGOING DOWNLINK","timestamp":"2018-03-03T15:03:24.443Z"}
{"header":{"opcode":"2","seq_num":"0016","len":"000"},"payload":"331E441E55","level":"info","message":"INCOMING UPLINK","timestamp":"2018-03-03T15:03:26.341Z"}
{"seq_num":"000e","opcode":"2","len":"000","data":"331E441E55331E441E55","assembled_packet":"2000e000331E441E55331E441E55","level":"info","message":"OUTGOING DOWNLINK","timestamp":"2018-03-03T15:03:27.348Z"}
{"header":{"opcode":"2","seq_num":"0017","len":"000"},"payload":"331E441E55","level":"info","message":"INCOMING UPLINK","timestamp":"2018-03-03T15:03:48.281Z"}
{"seq_num":"000f","opcode":"2","len":"000","data":"331E441E55331E441E55","assembled_packet":"2000f000331E441E55331E441E55","level":"info","message":"OUTGOING DOWNLINK","timestamp":"2018-03-03T15:03:49.288Z"}
{"header":{"opcode":"2","seq_num":"0017","len":"000"},"payload":"331E441E55","level":"info","message":"INCOMING UPLINK","timestamp":"2018-03-03T15:03:51.258Z"}
{"seq_num":"0010","opcode":"2","len":"000","data":"331E441E55331E441E55","assembled_packet":"20010000331E441E55331E441E55","level":"info","message":"OUTGOING DOWNLINK","timestamp":"2018-03-03T15:03:52.264Z"}
{"header":{"opcode":"2","seq_num":"0019","len":"000"},"payload":"331E441E55","level":"info","message":"INCOMING UPLINK","timestamp":"2018-03-03T15:05:19.483Z"}
{"seq_num":"0011","opcode":"2","len":"000","data":"331E441E55331E441E55","assembled_packet":"20011000331E441E55331E441E55","level":"info","message":"OUTGOING DOWNLINK","timestamp":"2018-03-03T15:05:20.490Z"}
{"header":{"opcode":"2","seq_num":"0019","len":"000"},"payload":"331E441E55","level":"info","message":"INCOMING UPLINK","timestamp":"2018-03-03T15:05:22.087Z"}
{"seq_num":"0012","opcode":"2","len":"000","data":"331E441E55331E441E55","assembled_packet":"20012000331E441E55331E441E55","level":"info","message":"OUTGOING DOWNLINK","timestamp":"2018-03-03T15:05:23.092Z"}
{"header":{"opcode":"2","seq_num":"001A","len":"000"},"payload":"331E441E55","level":"info","message":"INCOMING UPLINK","timestamp":"2018-03-03T15:05:45.314Z"}
{"seq_num":"0013","opcode":"2","len":"000","data":"331E441E55331E441E55","assembled_packet":"20013000331E441E55331E441E55","level":"info","message":"OUTGOING DOWNLINK","timestamp":"2018-03-03T15:05:46.320Z"}
{"header":{"opcode":"2","seq_num":"001B","len":"000"},"payload":"331E441E55","level":"info","message":"INCOMING UPLINK","timestamp":"2018-03-03T15:06:08.146Z"}
{"seq_num":"0014","opcode":"2","len":"000","data":"331E441E55331E441E55","assembled_packet":"20014000331E441E55331E441E55","level":"info","message":"OUTGOING DOWNLINK","timestamp":"2018-03-03T15:06:09.152Z"}
{"header":{"opcode":"2","seq_num":"001C","len":"000"},"payload":"331E441E55","level":"info","message":"INCOMING UPLINK","timestamp":"2018-03-03T15:06:30.445Z"}
{"seq_num":"0015","opcode":"2","len":"000","data":"331E441E55331E441E55","assembled_packet":"20015000331E441E55331E441E55","level":"info","message":"OUTGOING DOWNLINK","timestamp":"2018-03-03T15:06:31.450Z"}
{"header":{"opcode":"2","seq_num":"001D","len":"000"},"payload":"331E441E55","level":"info","message":"INCOMING UPLINK","timestamp":"2018-03-03T15:06:57.934Z"}
{"seq_num":"0016","opcode":"2","len":"000","data":"331E441E55331E441E55","assembled_packet":"20016000331E441E55331E441E55","level":"info","message":"OUTGOING DOWNLINK","timestamp":"2018-03-03T15:06:58.941Z"}
{"header":{"opcode":"2","seq_num":"001E","len":"000"},"payload":"331E441E55","level":"info","message":"INCOMING UPLINK","timestamp":"2018-03-03T15:07:21.663Z"}
{"seq_num":"0017","opcode":"2","len":"000","data":"331E441E55331E441E55","assembled_packet":"20017000331E441E55331E441E55","level":"info","message":"OUTGOING DOWNLINK","timestamp":"2018-03-03T15:07:22.668Z"}
{"header":{"opcode":"2","seq_num":"001E","len":"000"},"payload":"331E441E55","level":"info","message":"INCOMING UPLINK","timestamp":"2018-03-03T15:07:24.399Z"}
{"seq_num":"0018","opcode":"2","len":"000","data":"331E441E55331E441E55","assembled_packet":"20018000331E441E55331E441E55","level":"info","message":"OUTGOING DOWNLINK","timestamp":"2018-03-03T15:07:25.405Z"}
{"header":{"opcode":"2","seq_num":"001F","len":"000"},"payload":"331E441E55","level":"info","message":"INCOMING UPLINK","timestamp":"2018-03-03T15:07:47.671Z"}
{"seq_num":"0019","opcode":"2","len":"000","data":"331E441E55331E441E55","assembled_packet":"20019000331E441E55331E441E55","level":"info","message":"OUTGOING DOWNLINK","timestamp":"2018-03-03T15:07:48.677Z"}
{"header":{"opcode":"2","seq_num":"0020","len":"000"},"payload":"331E441E55","level":"info","message":"INCOMING UPLINK","timestamp":"2018-03-03T15:08:10.542Z"}
{"seq_num":"001a","opcode":"2","len":"000","data":"331E441E55331E441E55","assembled_packet":"2001a000331E441E55331E441E55","level":"info","message":"OUTGOING DOWNLINK","timestamp":"2018-03-03T15:08:11.548Z"}
{"header":{"opcode":"2","seq_num":"0021","len":"000"},"payload":"331E441E55","level":"info","message":"INCOMING UPLINK","timestamp":"2018-03-03T15:08:34.038Z"}
{"seq_num":"001b","opcode":"2","len":"000","data":"331E441E55331E441E55","assembled_packet":"2001b000331E441E55331E441E55","level":"info","message":"OUTGOING DOWNLINK","timestamp":"2018-03-03T15:08:35.043Z"}
{"header":{"opcode":"2","seq_num":"0022","len":"000"},"payload":"331E441E55","level":"info","message":"INCOMING UPLINK","timestamp":"2018-03-03T15:08:57.415Z"}
{"seq_num":"001c","opcode":"2","len":"000","data":"331E441E55331E441E55","assembled_packet":"2001c000331E441E55331E441E55","level":"info","message":"OUTGOING DOWNLINK","timestamp":"2018-03-03T15:08:58.421Z"}
{"header":{"opcode":"1","seq_num":"0026","len":"000"},"payload":"331E441E55","level":"info","message":"INCOMING UPLINK","timestamp":"2018-03-03T15:10:38.254Z"}
{"header":{"opcode":"2","seq_num":"0027","len":"000"},"payload":"331E441E55","level":"info","message":"INCOMING UPLINK","timestamp":"2018-03-03T15:11:11.237Z"}
{"seq_num":"001d","opcode":"2","len":"000","data":"331E441E55331E441E55","assembled_packet":"2001d000331E441E55331E441E55","level":"info","message":"OUTGOING DOWNLINK","timestamp":"2018-03-03T15:11:12.243Z"}
{"header":{"opcode":"2","seq_num":"0028","len":"000"},"payload":"331E441E55","level":"info","message":"INCOMING UPLINK","timestamp":"2018-03-03T15:11:33.229Z"}
{"seq_num":"001e","opcode":"2","len":"000","data":"331E441E55331E441E55","assembled_packet":"2001e000331E441E55331E441E55","level":"info","message":"OUTGOING DOWNLINK","timestamp":"2018-03-03T15:11:34.235Z"}
{"header":{"opcode":"2","seq_num":"0029","len":"000"},"payload":"331E441E55","level":"info","message":"INCOMING UPLINK","timestamp":"2018-03-03T15:11:56.654Z"}
{"seq_num":"001f","opcode":"2","len":"000","data":"331E441E55331E441E55","assembled_packet":"2001f000331E441E55331E441E55","level":"info","message":"OUTGOING DOWNLINK","timestamp":"2018-03-03T15:11:57.660Z"}
{"header":{"opcode":"2","seq_num":"002A","len":"000"},"payload":"331E441E55","level":"info","message":"INCOMING UPLINK","timestamp":"2018-03-03T15:12:20.051Z"}
{"seq_num":"0020","opcode":"2","len":"000","data":"331E441E55331E441E55","assembled_packet":"20020000331E441E55331E441E55","level":"info","message":"OUTGOING DOWNLINK","timestamp":"2018-03-03T15:12:21.056Z"}
