{"header":{"opcode":"1","seq_num":"000C","len":"000"},"payload":"331E441E55","level":"info","message":"INCOMING UPLINK","timestamp":"2018-03-03T11:06:33.734Z"}
{"header":{"opcode":"1","seq_num":"0013","len":"000"},"payload":"331E441E55","level":"info","message":"INCOMING UPLINK","timestamp":"2018-03-03T11:08:33.597Z"}
{"header":{"opcode":"1","seq_num":"0015","len":"000"},"payload":"331E441E55","level":"info","message":"INCOMING UPLINK","timestamp":"2018-03-03T11:09:08.010Z"}
{"header":{"opcode":"1","seq_num":"0016","len":"000"},"payload":"331E441E55","level":"info","message":"INCOMING UPLINK","timestamp":"2018-03-03T11:09:25.461Z"}
{"header":{"opcode":"1","seq_num":"0017","len":"000"},"payload":"331E441E55","level":"info","message":"INCOMING UPLINK","timestamp":"2018-03-03T11:09:42.341Z"}
{"header":{"opcode":"1","seq_num":"0019","len":"000"},"payload":"331E441E55","level":"info","message":"INCOMING UPLINK","timestamp":"2018-03-03T11:10:18.100Z"}
{"header":{"opcode":"3","seq_num":"0020","len":"000"},"payload":"0105071E22","level":"info","message":"INCOMING UPLINK","timestamp":"2018-03-03T11:12:16.015Z"}
{"header":{"opcode":"3","seq_num":"0021","len":"000"},"payload":"0105071E22","level":"info","message":"INCOMING UPLINK","timestamp":"2018-03-03T11:12:30.084Z"}
{"header":{"opcode":"1","seq_num":"0025","len":"000"},"payload":"331E441E55","level":"info","message":"INCOMING UPLINK","timestamp":"2018-03-03T11:13:40.431Z"}
{"header":{"opcode":"1","seq_num":"0029","len":"000"},"payload":"331E441E55","level":"info","message":"INCOMING UPLINK","timestamp":"2018-03-03T11:14:49.290Z"}
{"header":{"opcode":"3","seq_num":"002A","len":"000"},"payload":"0105071E22","level":"info","message":"INCOMING UPLINK","timestamp":"2018-03-03T11:15:04.393Z"}
{"header":{"opcode":"3","seq_num":"002B","len":"000"},"payload":"0105071E22","level":"info","message":"INCOMING UPLINK","timestamp":"2018-03-03T11:15:18.392Z"}
{"header":{"opcode":"1","seq_num":"002D","len":"000"},"payload":"331E441E55","level":"info","message":"INCOMING UPLINK","timestamp":"2018-03-03T11:15:52.763Z"}
{"header":{"opcode":"1","seq_num":"0035","len":"000"},"payload":"331E441E55","level":"info","message":"INCOMING UPLINK","timestamp":"2018-03-03T11:18:09.969Z"}
{"header":{"opcode":"1","seq_num":"003B","len":"000"},"payload":"331E441E55","level":"info","message":"INCOMING UPLINK","timestamp":"2018-03-03T11:19:54.049Z"}
{"header":{"opcode":"1","seq_num":"0041","len":"000"},"payload":"331E441E55","level":"info","message":"INCOMING UPLINK","timestamp":"2018-03-03T11:21:29.309Z"}
{"header":{"opcode":"1","seq_num":"0044","len":"000"},"payload":"331E441E55","level":"info","message":"INCOMING UPLINK","timestamp":"2018-03-03T11:22:19.965Z"}
{"header":{"opcode":"3","seq_num":"0051","len":"000"},"payload":"0105071E22","level":"info","message":"INCOMING UPLINK","timestamp":"2018-03-03T11:26:00.166Z"}
{"header":{"opcode":"1","seq_num":"0055","len":"000"},"payload":"331E441E55","level":"info","message":"INCOMING UPLINK","timestamp":"2018-03-03T11:27:09.658Z"}
{"header":{"opcode":"1","seq_num":"0057","len":"000"},"payload":"331E441E55","level":"info","message":"INCOMING UPLINK","timestamp":"2018-03-03T11:27:44.164Z"}
{"header":{"opcode":"1","seq_num":"005D","len":"000"},"payload":"331E441E55","level":"info","message":"INCOMING UPLINK","timestamp":"2018-03-03T11:29:27.686Z"}
{"header":{"opcode":"1","seq_num":"005E","len":"000"},"payload":"331E441E55","level":"info","message":"INCOMING UPLINK","timestamp":"2018-03-03T11:29:44.572Z"}
{"header":{"opcode":"1","seq_num":"0061","len":"000"},"payload":"331E441E55","level":"info","message":"INCOMING UPLINK","timestamp":"2018-03-03T11:30:35.851Z"}
{"header":{"opcode":"1","seq_num":"0069","len":"000"},"payload":"331E441E55","level":"info","message":"INCOMING UPLINK","timestamp":"2018-03-03T11:32:54.122Z"}
{"header":{"opcode":"1","seq_num":"006A","len":"000"},"payload":"331E441E55","level":"info","message":"INCOMING UPLINK","timestamp":"2018-03-03T11:33:10.356Z"}
{"header":{"opcode":"1","seq_num":"0073","len":"000"},"payload":"331E441E55","level":"info","message":"INCOMING UPLINK","timestamp":"2018-03-03T11:35:46.203Z"}
{"header":{"opcode":"1","seq_num":"0074","len":"000"},"payload":"331E441E55","level":"info","message":"INCOMING UPLINK","timestamp":"2018-03-03T11:36:02.617Z"}
{"header":{"opcode":"1","seq_num":"0078","len":"000"},"payload":"331E441E55","level":"info","message":"INCOMING UPLINK","timestamp":"2018-03-03T11:37:12.652Z"}
{"header":{"opcode":"1","seq_num":"007A","len":"000"},"payload":"331E441E55","level":"info","message":"INCOMING UPLINK","timestamp":"2018-03-03T11:37:46.414Z"}
{"header":{"opcode":"1","seq_num":"0083","len":"000"},"payload":"331E441E55","level":"info","message":"INCOMING UPLINK","timestamp":"2018-03-03T11:40:21.165Z"}
{"header":{"opcode":"1","seq_num":"008E","len":"000"},"payload":"331E441E55","level":"info","message":"INCOMING UPLINK","timestamp":"2018-03-03T11:43:30.243Z"}
{"header":{"opcode":"1","seq_num":"0090","len":"000"},"payload":"331E441E55","level":"info","message":"INCOMING UPLINK","timestamp":"2018-03-03T11:44:04.051Z"}
{"header":{"opcode":"1","seq_num":"0097","len":"000"},"payload":"331E441E55","level":"info","message":"INCOMING UPLINK","timestamp":"2018-03-03T11:46:05.606Z"}
{"header":{"opcode":"1","seq_num":"0099","len":"000"},"payload":"331E441E55","level":"info","message":"INCOMING UPLINK","timestamp":"2018-03-03T11:46:39.071Z"}
{"header":{"opcode":"1","seq_num":"00A4","len":"000"},"payload":"331E441E55","level":"info","message":"INCOMING UPLINK","timestamp":"2018-03-03T11:49:49.289Z"}
{"header":{"opcode":"1","seq_num":"00AA","len":"000"},"payload":"331E441E55","level":"info","message":"INCOMING UPLINK","timestamp":"2018-03-03T11:51:33.470Z"}
{"header":{"opcode":"1","seq_num":"00AB","len":"000"},"payload":"331E441E55","level":"info","message":"INCOMING UPLINK","timestamp":"2018-03-03T11:51:49.797Z"}
