{"options":{"hostname":"ns1.pervasivenation.com","port":443,"headers":{"Accept":"Application/json","Authorization":"Basic amR1a2VzX3RjZDpqZHVrZXMxMjM0","Content-Type":"Application/json"},"path":"/rest/pushmode/start","method":"PUT"},"body":{"host":"http://osullkev.com","port":3030,"path_prefix":"/","auth_string":"Basic Og==","retry_policy":0},"level":"info","message":"OUTGOING HTTP PUT","timestamp":"2018-03-03T14:37:35.788Z"}
{"deveui":"0004a30b001b0af1","appeui":"0011223344556677","join_status":"JOIN_ACCEPTED","type":"/joininfo","level":"info","message":"INCOMING HTTP PUT","timestamp":"2018-03-03T14:38:19.691Z"}
{"deveui":"0004a30b001b0af1","appeui":"0011223344556677","join_status":"JOIN_ACCEPTED","type":"/joininfo","level":"info","message":"INCOMING HTTP PUT","timestamp":"2018-03-03T14:38:44.769Z"}
{"deveui":"0004a30b001b0af1","appeui":"0011223344556677","join_status":"JOIN_ACCEPTED","type":"/joininfo","level":"info","message":"INCOMING HTTP PUT","timestamp":"2018-03-03T14:39:16.748Z"}
{"deveui":"0004a30b001b0af1","appeui":"0011223344556677","join_status":"JOIN_ACCEPTED","type":"/joininfo","level":"info","message":"INCOMING HTTP PUT","timestamp":"2018-03-03T14:44:17.511Z"}
{"deveui":"0004a30b001b0af1","appeui":"0011223344556677","join_status":"JOIN_ACCEPTED","type":"/joininfo","level":"info","message":"INCOMING HTTP PUT","timestamp":"2018-03-03T14:46:19.728Z"}
{"deveui":"0004a30b001b0af1","appeui":"0011223344556677","join_status":"JOIN_ACCEPTED","type":"/joininfo","level":"info","message":"INCOMING HTTP PUT","timestamp":"2018-03-03T14:46:52.289Z"}
{"deveui":"0004a30b001b0af1","appeui":"0011223344556677","join_status":"JOIN_ACCEPTED","type":"/joininfo","level":"info","message":"INCOMING HTTP PUT","timestamp":"2018-03-03T14:48:29.529Z"}
{"deveui":"0004a30b001b0af1","appeui":"0011223344556677","join_status":"JOIN_ACCEPTED","type":"/joininfo","level":"info","message":"INCOMING HTTP PUT","timestamp":"2018-03-03T14:49:42.158Z"}
{"deveui":"0004a30b001b0af1","appeui":"0011223344556677","join_status":"JOIN_ACCEPTED","type":"/joininfo","level":"info","message":"INCOMING HTTP PUT","timestamp":"2018-03-03T14:51:19.530Z"}
{"deveui":"0004a30b001b0af1","appeui":"0011223344556677","join_status":"JOIN_ACCEPTED","type":"/joininfo","level":"info","message":"INCOMING HTTP PUT","timestamp":"2018-03-03T14:51:52.132Z"}
{"deveui":"0004a30b001b0af1","appeui":"0011223344556677","join_status":"JOIN_ACCEPTED","type":"/joininfo","level":"info","message":"INCOMING HTTP PUT","timestamp":"2018-03-03T14:52:17.037Z"}
{"deveui":"0004a30b001b0af1","appeui":"0011223344556677","join_status":"JOIN_ACCEPTED","type":"/joininfo","level":"info","message":"INCOMING HTTP PUT","timestamp":"2018-03-03T14:52:49.717Z"}
{"deveui":"0004a30b001b0af1","appeui":"0011223344556677","join_status":"JOIN_ACCEPTED","type":"/joininfo","level":"info","message":"INCOMING HTTP PUT","timestamp":"2018-03-03T14:52:57.163Z"}
{"deveui":"0004a30b001b0af1","appeui":"0011223344556677","join_status":"JOIN_ACCEPTED","type":"/joininfo","level":"info","message":"INCOMING HTTP PUT","timestamp":"2018-03-03T14:53:29.518Z"}
{"deveui":"0004a30b001b0af1","device_status":3,"last_reception":"2018-03-03T11:51:49.440Z","dl_fcnt":0,"device_class":0,"registration_status":1,"expiry_time_uplink":168,"expiry_time_downlink":168,"type":"/nodeinfo","level":"info","message":"INCOMING HTTP PUT","timestamp":"2018-03-03T14:53:49.059Z"}
{"id":1520088829008,"deveui":"0004a30b001b0af1","timestamp":"2018-03-03T14:53:49.398Z","dataFrame":"20001000331e441e55","fcnt":0,"port":1,"rssi":-110,"snr":-8,"sf_used":7,"cr_used":"4/5","device_redundancy":0,"time_on_air_ms":41.216,"decrypted":true,"type":"/payloads/ul","level":"info","message":"INCOMING HTTP POST"}
{"options":{"hostname":"ns1.pervasivenation.com","port":443,"headers":{"Accept":"Application/json","Authorization":"Basic amR1a2VzX3RjZDpqZHVrZXMxMjM0"},"path":"/rest/nodes/0004a30b001b0af1/payloads/dl?fcnt=1&port=01&confirmed=false","method":"POST"},"body":"IAAQADMeRB5VMx5EHlU=","level":"info","message":"OUTGOING HTTP POST","timestamp":"2018-03-03T14:53:50.428Z"}
{"data":"ZuALS+r9xKlpNGs1OWU=","port":1,"transmissionStatus":1,"fcnt":1,"timestamp":"2018-03-03T14:53:53.348Z","confirmed":false,"id":1520088830612,"deveui":"0004a30b001b0af1","type":"/payloads/dl","level":"info","message":"INCOMING HTTP PUT"}
{"data":"ZuALS+r9xKlpNGs1OWU=","port":1,"transmissionStatus":3,"fcnt":1,"timestamp":"2018-03-03T14:54:07.465Z","confirmed":false,"id":1520088830612,"deveui":"0004a30b001b0af1","type":"/payloads/dl","level":"info","message":"INCOMING HTTP PUT"}
{"deveui":"0004a30b001b0af1","device_status":3,"last_reception":"2018-03-03T14:53:49.008Z","dl_fcnt":2,"device_class":0,"registration_status":1,"expiry_time_uplink":168,"expiry_time_downlink":168,"type":"/nodeinfo","level":"info","message":"INCOMING HTTP PUT","timestamp":"2018-03-03T14:54:07.790Z"}
{"id":1520088911533,"deveui":"0004a30b001b0af1","timestamp":"2018-03-03T14:55:11.903Z","dataFrame":"20002000331e441e55","fcnt":1,"port":1,"rssi":-110,"snr":-7,"sf_used":8,"cr_used":"4/5","device_redundancy":0,"time_on_air_ms":72.19200000000001,"decrypted":true,"type":"/payloads/ul","level":"info","message":"INCOMING HTTP POST"}
{"deveui":"0004a30b001b0af1","device_status":3,"last_reception":"2018-03-03T14:53:49.008Z","dl_fcnt":3,"device_class":0,"registration_status":1,"expiry_time_uplink":168,"expiry_time_downlink":168,"type":"/nodeinfo","level":"info","message":"INCOMING HTTP PUT","timestamp":"2018-03-03T14:55:11.916Z"}
{"options":{"hostname":"ns1.pervasivenation.com","port":443,"headers":{"Accept":"Application/json","Authorization":"Basic amR1a2VzX3RjZDpqZHVrZXMxMjM0"},"path":"/rest/nodes/0004a30b001b0af1/payloads/dl?fcnt=4&port=01&confirmed=false","method":"POST"},"body":"IAAgADMeRB5VMx5EHlU=","level":"info","message":"OUTGOING HTTP POST","timestamp":"2018-03-03T14:55:12.917Z"}
{"data":"Uo1BBsOl2U6bZandPkw=","port":1,"transmissionStatus":1,"fcnt":4,"timestamp":"2018-03-03T14:55:43.970Z","confirmed":false,"id":1520088913000,"deveui":"0004a30b001b0af1","type":"/payloads/dl","level":"info","message":"INCOMING HTTP PUT"}
{"data":"Uo1BBsOl2U6bZandPkw=","port":1,"transmissionStatus":2,"fcnt":4,"timestamp":"2018-03-03T14:56:39.063Z","confirmed":false,"id":1520088913000,"deveui":"0004a30b001b0af1","type":"/payloads/dl","level":"info","message":"INCOMING HTTP PUT"}
{"deveui":"0004a30b001b0af1","device_status":3,"last_reception":"2018-03-03T14:55:11.533Z","dl_fcnt":5,"device_class":0,"registration_status":1,"expiry_time_uplink":168,"expiry_time_downlink":168,"type":"/nodeinfo","level":"info","message":"INCOMING HTTP PUT","timestamp":"2018-03-03T14:56:39.411Z"}
{"id":1520088999206,"deveui":"0004a30b001b0af1","timestamp":"2018-03-03T14:56:39.726Z","dataFrame":"20005000331e441e55","fcnt":2,"port":1,"rssi":-111,"snr":-9,"sf_used":9,"cr_used":"4/5","device_redundancy":0,"time_on_air_ms":144.38400000000001,"decrypted":true,"type":"/payloads/ul","level":"info","message":"INCOMING HTTP POST"}
{"options":{"hostname":"ns1.pervasivenation.com","port":443,"headers":{"Accept":"Application/json","Authorization":"Basic amR1a2VzX3RjZDpqZHVrZXMxMjM0"},"path":"/rest/nodes/0004a30b001b0af1/payloads/dl?fcnt=6&port=01&confirmed=false","method":"POST"},"body":"IAAwADMeRB5VMx5EHlU=","level":"info","message":"OUTGOING HTTP POST","timestamp":"2018-03-03T14:56:40.738Z"}
{"data":"Pn8wkDVe6zTc4KOBS6w=","port":1,"transmissionStatus":1,"fcnt":6,"timestamp":"2018-03-03T14:56:43.512Z","confirmed":false,"id":1520089000822,"deveui":"0004a30b001b0af1","type":"/payloads/dl","level":"info","message":"INCOMING HTTP PUT"}
{"data":"Pn8wkDVe6zTc4KOBS6w=","port":1,"transmissionStatus":2,"fcnt":6,"timestamp":"2018-03-03T14:57:06.548Z","confirmed":false,"id":1520089000822,"deveui":"0004a30b001b0af1","type":"/payloads/dl","level":"info","message":"INCOMING HTTP PUT"}
{"deveui":"0004a30b001b0af1","device_status":3,"last_reception":"2018-03-03T14:56:39.206Z","dl_fcnt":7,"device_class":0,"registration_status":1,"expiry_time_uplink":168,"expiry_time_downlink":168,"type":"/nodeinfo","level":"info","message":"INCOMING HTTP PUT","timestamp":"2018-03-03T14:57:06.739Z"}
{"id":1520089026526,"deveui":"0004a30b001b0af1","timestamp":"2018-03-03T14:57:06.898Z","dataFrame":"20006000331e441e55","fcnt":3,"port":1,"rssi":-103,"snr":-10,"sf_used":10,"cr_used":"4/5","device_redundancy":0,"time_on_air_ms":247.808,"decrypted":true,"type":"/payloads/ul","level":"info","message":"INCOMING HTTP POST"}
{"options":{"hostname":"ns1.pervasivenation.com","port":443,"headers":{"Accept":"Application/json","Authorization":"Basic amR1a2VzX3RjZDpqZHVrZXMxMjM0"},"path":"/rest/nodes/0004a30b001b0af1/payloads/dl?fcnt=8&port=01&confirmed=false","method":"POST"},"body":"IABAADMeRB5VMx5EHlU=","level":"info","message":"OUTGOING HTTP POST","timestamp":"2018-03-03T14:57:07.912Z"}
{"data":"OQSIlIbKNY78gXz00f0=","port":1,"transmissionStatus":1,"fcnt":8,"timestamp":"2018-03-03T14:57:28.609Z","confirmed":false,"id":1520089027991,"deveui":"0004a30b001b0af1","type":"/payloads/dl","level":"info","message":"INCOMING HTTP PUT"}
{"id":1520089048402,"deveui":"0004a30b001b0af1","timestamp":"2018-03-03T14:57:28.619Z","dataFrame":"20007000331e441e55","fcnt":4,"port":1,"rssi":-111,"snr":-14,"sf_used":10,"cr_used":"4/5","device_redundancy":0,"time_on_air_ms":247.808,"decrypted":true,"type":"/payloads/ul","level":"info","message":"INCOMING HTTP POST"}
{"options":{"hostname":"ns1.pervasivenation.com","port":443,"headers":{"Accept":"Application/json","Authorization":"Basic amR1a2VzX3RjZDpqZHVrZXMxMjM0"},"path":"/rest/nodes/0004a30b001b0af1/payloads/dl?fcnt=9&port=01&confirmed=false","method":"POST"},"body":"IABQADMeRB5VMx5EHlU=","level":"info","message":"OUTGOING HTTP POST","timestamp":"2018-03-03T14:57:29.632Z"}
{"data":"OQSIlIbKNY78gXz00f0=","port":1,"transmissionStatus":3,"fcnt":8,"timestamp":"2018-03-03T14:57:30.992Z","confirmed":false,"id":1520089027991,"deveui":"0004a30b001b0af1","type":"/payloads/dl","level":"info","message":"INCOMING HTTP PUT"}
{"id":1520089051324,"deveui":"0004a30b001b0af1","timestamp":"2018-03-03T14:57:31.342Z","dataFrame":"20007000331e441e55","fcnt":5,"port":1,"rssi":-100,"snr":-18,"sf_used":10,"cr_used":"4/5","device_redundancy":0,"time_on_air_ms":247.808,"decrypted":true,"type":"/payloads/ul","level":"info","message":"INCOMING HTTP POST"}
{"data":"ULBDoqO5eeqLHN+iyew=","port":1,"transmissionStatus":1,"fcnt":9,"timestamp":"2018-03-03T14:57:31.372Z","confirmed":false,"id":1520089049710,"deveui":"0004a30b001b0af1","type":"/payloads/dl","level":"info","message":"INCOMING HTTP PUT"}
{"options":{"hostname":"ns1.pervasivenation.com","port":443,"headers":{"Accept":"Application/json","Authorization":"Basic amR1a2VzX3RjZDpqZHVrZXMxMjM0"},"path":"/rest/nodes/0004a30b001b0af1/payloads/dl?fcnt=10&port=01&confirmed=false","method":"POST"},"body":"IABgADMeRB5VMx5EHlU=","level":"info","message":"OUTGOING HTTP POST","timestamp":"2018-03-03T14:57:32.355Z"}
{"data":"ULBDoqO5eeqLHN+iyew=","port":1,"transmissionStatus":2,"fcnt":9,"timestamp":"2018-03-03T14:57:45.815Z","confirmed":false,"id":1520089049710,"deveui":"0004a30b001b0af1","type":"/payloads/dl","level":"info","message":"INCOMING HTTP PUT"}
{"id":1520089066113,"deveui":"0004a30b001b0af1","timestamp":"2018-03-03T14:57:46.165Z","dataFrame":"300080000105071e22","fcnt":6,"port":1,"rssi":-101,"snr":-17,"sf_used":10,"cr_used":"4/5","device_redundancy":0,"time_on_air_ms":247.808,"decrypted":true,"type":"/payloads/ul","level":"info","message":"INCOMING HTTP POST"}
{"data":"aARO0eJxvhtbnDpS8d0=","port":1,"transmissionStatus":1,"fcnt":10,"timestamp":"2018-03-03T14:57:46.504Z","confirmed":false,"id":1520089052437,"deveui":"0004a30b001b0af1","type":"/payloads/dl","level":"info","message":"INCOMING HTTP PUT"}
{"data":"aARO0eJxvhtbnDpS8d0=","port":1,"transmissionStatus":3,"fcnt":10,"timestamp":"2018-03-03T14:57:48.792Z","confirmed":false,"id":1520089052437,"deveui":"0004a30b001b0af1","type":"/payloads/dl","level":"info","message":"INCOMING HTTP PUT"}
{"deveui":"0004a30b001b0af1","device_status":3,"last_reception":"2018-03-03T14:57:46.113Z","dl_fcnt":11,"device_class":0,"registration_status":1,"expiry_time_uplink":168,"expiry_time_downlink":168,"type":"/nodeinfo","level":"info","message":"INCOMING HTTP PUT","timestamp":"2018-03-03T14:57:49.138Z"}
{"id":1520089069124,"deveui":"0004a30b001b0af1","timestamp":"2018-03-03T14:57:49.176Z","dataFrame":"300080000105071e22","fcnt":7,"port":1,"rssi":-111,"snr":-13,"sf_used":10,"cr_used":"4/5","device_redundancy":0,"time_on_air_ms":247.808,"decrypted":true,"type":"/payloads/ul","level":"info","message":"INCOMING HTTP POST"}
{"deveui":"0004a30b001b0af1","device_status":3,"last_reception":"2018-03-03T14:57:49.124Z","dl_fcnt":12,"device_class":0,"registration_status":1,"expiry_time_uplink":168,"expiry_time_downlink":168,"type":"/nodeinfo","level":"info","message":"INCOMING HTTP PUT","timestamp":"2018-03-03T14:59:04.109Z"}
{"id":1520089143758,"deveui":"0004a30b001b0af1","timestamp":"2018-03-03T14:59:04.279Z","dataFrame":"2000b000331e441e55","fcnt":8,"port":1,"rssi":-113,"snr":-14,"sf_used":10,"cr_used":"4/5","device_redundancy":0,"time_on_air_ms":247.808,"decrypted":true,"type":"/payloads/ul","level":"info","message":"INCOMING HTTP POST"}
{"options":{"hostname":"ns1.pervasivenation.com","port":443,"headers":{"Accept":"Application/json","Authorization":"Basic amR1a2VzX3RjZDpqZHVrZXMxMjM0"},"path":"/rest/nodes/0004a30b001b0af1/payloads/dl?fcnt=13&port=01&confirmed=false","method":"POST"},"body":"IABwADMeRB5VMx5EHlU=","level":"info","message":"OUTGOING HTTP POST","timestamp":"2018-03-03T14:59:05.291Z"}
{"data":"vBSktCzC86iD88itX6g=","port":1,"transmissionStatus":1,"fcnt":13,"timestamp":"2018-03-03T14:59:08.110Z","confirmed":false,"id":1520089145396,"deveui":"0004a30b001b0af1","type":"/payloads/dl","level":"info","message":"INCOMING HTTP PUT"}
{"data":"vBSktCzC86iD88itX6g=","port":1,"transmissionStatus":2,"fcnt":13,"timestamp":"2018-03-03T14:59:31.227Z","confirmed":false,"id":1520089145396,"deveui":"0004a30b001b0af1","type":"/payloads/dl","level":"info","message":"INCOMING HTTP PUT"}
{"deveui":"0004a30b001b0af1","device_status":3,"last_reception":"2018-03-03T14:59:03.758Z","dl_fcnt":14,"device_class":0,"registration_status":1,"expiry_time_uplink":168,"expiry_time_downlink":168,"type":"/nodeinfo","level":"info","message":"INCOMING HTTP PUT","timestamp":"2018-03-03T14:59:31.425Z"}
{"id":1520089171056,"deveui":"0004a30b001b0af1","timestamp":"2018-03-03T14:59:31.727Z","dataFrame":"2000c000331e441e55","fcnt":9,"port":1,"rssi":-102,"snr":-15,"sf_used":10,"cr_used":"4/5","device_redundancy":0,"time_on_air_ms":247.808,"decrypted":true,"type":"/payloads/ul","level":"info","message":"INCOMING HTTP POST"}
{"options":{"hostname":"ns1.pervasivenation.com","port":443,"headers":{"Accept":"Application/json","Authorization":"Basic amR1a2VzX3RjZDpqZHVrZXMxMjM0"},"path":"/rest/nodes/0004a30b001b0af1/payloads/dl?fcnt=15&port=01&confirmed=false","method":"POST"},"body":"IACAADMeRB5VMx5EHlU=","level":"info","message":"OUTGOING HTTP POST","timestamp":"2018-03-03T14:59:32.741Z"}
{"data":"6ue/4cPez4hs7EUm5J0=","port":1,"transmissionStatus":1,"fcnt":15,"timestamp":"2018-03-03T14:59:54.173Z","confirmed":false,"id":1520089172817,"deveui":"0004a30b001b0af1","type":"/payloads/dl","level":"info","message":"INCOMING HTTP PUT"}
{"id":1520089193956,"deveui":"0004a30b001b0af1","timestamp":"2018-03-03T14:59:54.312Z","dataFrame":"2000d000331e441e55","fcnt":10,"port":1,"rssi":-111,"snr":-12,"sf_used":10,"cr_used":"4/5","device_redundancy":0,"time_on_air_ms":247.808,"decrypted":true,"type":"/payloads/ul","level":"info","message":"INCOMING HTTP POST"}
{"options":{"hostname":"ns1.pervasivenation.com","port":443,"headers":{"Accept":"Application/json","Authorization":"Basic amR1a2VzX3RjZDpqZHVrZXMxMjM0"},"path":"/rest/nodes/0004a30b001b0af1/payloads/dl?fcnt=16&port=01&confirmed=false","method":"POST"},"body":"IACQADMeRB5VMx5EHlU=","level":"info","message":"OUTGOING HTTP POST","timestamp":"2018-03-03T14:59:55.326Z"}
{"data":"6ue/4cPez4hs7EUm5J0=","port":1,"transmissionStatus":2,"fcnt":15,"timestamp":"2018-03-03T15:00:15.543Z","confirmed":false,"id":1520089172817,"deveui":"0004a30b001b0af1","type":"/payloads/dl","level":"info","message":"INCOMING HTTP PUT"}
{"id":1520089215840,"deveui":"0004a30b001b0af1","timestamp":"2018-03-03T15:00:15.894Z","dataFrame":"2000e000331e441e55","fcnt":11,"port":1,"rssi":-110,"snr":-9,"sf_used":10,"cr_used":"4/5","device_redundancy":0,"time_on_air_ms":247.808,"decrypted":true,"type":"/payloads/ul","level":"info","message":"INCOMING HTTP POST"}
{"data":"D0EgJ8X2py8bk6s2YiA=","port":1,"transmissionStatus":1,"fcnt":16,"timestamp":"2018-03-03T15:00:15.906Z","confirmed":false,"id":1520089195403,"deveui":"0004a30b001b0af1","type":"/payloads/dl","level":"info","message":"INCOMING HTTP PUT"}
{"options":{"hostname":"ns1.pervasivenation.com","port":443,"headers":{"Accept":"Application/json","Authorization":"Basic amR1a2VzX3RjZDpqZHVrZXMxMjM0"},"path":"/rest/nodes/0004a30b001b0af1/payloads/dl?fcnt=17&port=01&confirmed=false","method":"POST"},"body":"IACgADMeRB5VMx5EHlU=","level":"info","message":"OUTGOING HTTP POST","timestamp":"2018-03-03T15:00:16.908Z"}
{"data":"D0EgJ8X2py8bk6s2YiA=","port":1,"transmissionStatus":2,"fcnt":16,"timestamp":"2018-03-03T15:01:06.489Z","confirmed":false,"id":1520089195403,"deveui":"0004a30b001b0af1","type":"/payloads/dl","level":"info","message":"INCOMING HTTP PUT"}
{"data":"RVXXBO7B+KZr3ucINkw=","port":1,"transmissionStatus":1,"fcnt":17,"timestamp":"2018-03-03T15:01:06.697Z","confirmed":false,"id":1520089216991,"deveui":"0004a30b001b0af1","type":"/payloads/dl","level":"info","message":"INCOMING HTTP PUT"}
{"id":1520089266681,"deveui":"0004a30b001b0af1","timestamp":"2018-03-03T15:01:07.057Z","dataFrame":"10010000331e441e55","fcnt":12,"port":1,"rssi":-106,"snr":-13,"sf_used":10,"cr_used":"4/5","device_redundancy":0,"time_on_air_ms":247.808,"decrypted":true,"type":"/payloads/ul","level":"info","message":"INCOMING HTTP POST"}
{"data":"RVXXBO7B+KZr3ucINkw=","port":1,"transmissionStatus":3,"fcnt":17,"timestamp":"2018-03-03T15:01:09.457Z","confirmed":false,"id":1520089216991,"deveui":"0004a30b001b0af1","type":"/payloads/dl","level":"info","message":"INCOMING HTTP PUT"}
{"id":1520089269604,"deveui":"0004a30b001b0af1","timestamp":"2018-03-03T15:01:09.621Z","dataFrame":"10010000331e441e55","fcnt":13,"port":1,"rssi":-113,"snr":-12,"sf_used":10,"cr_used":"4/5","device_redundancy":0,"time_on_air_ms":247.808,"decrypted":true,"type":"/payloads/ul","level":"info","message":"INCOMING HTTP POST"}
{"id":1520089288776,"deveui":"0004a30b001b0af1","timestamp":"2018-03-03T15:01:28.823Z","dataFrame":"10011000331e441e55","fcnt":14,"port":1,"rssi":-110,"snr":-8,"sf_used":10,"cr_used":"4/5","device_redundancy":0,"time_on_air_ms":247.808,"decrypted":true,"type":"/payloads/ul","level":"info","message":"INCOMING HTTP POST"}
{"id":1520089304457,"deveui":"0004a30b001b0af1","timestamp":"2018-03-03T15:01:44.508Z","dataFrame":"300120000105071e22","fcnt":15,"port":1,"rssi":-106,"snr":-12,"sf_used":10,"cr_used":"4/5","device_redundancy":0,"time_on_air_ms":247.808,"decrypted":true,"type":"/payloads/ul","level":"info","message":"INCOMING HTTP POST"}
{"deveui":"0004a30b001b0af1","device_status":3,"last_reception":"2018-03-03T15:01:44.457Z","dl_fcnt":18,"device_class":0,"registration_status":1,"expiry_time_uplink":168,"expiry_time_downlink":168,"type":"/nodeinfo","level":"info","message":"INCOMING HTTP PUT","timestamp":"2018-03-03T15:02:07.115Z"}
{"id":1520089326910,"deveui":"0004a30b001b0af1","timestamp":"2018-03-03T15:02:07.280Z","dataFrame":"20013000331e441e55","fcnt":16,"port":1,"rssi":-99,"snr":-18,"sf_used":10,"cr_used":"4/5","device_redundancy":0,"time_on_air_ms":247.808,"decrypted":true,"type":"/payloads/ul","level":"info","message":"INCOMING HTTP POST"}
{"options":{"hostname":"ns1.pervasivenation.com","port":443,"headers":{"Accept":"Application/json","Authorization":"Basic amR1a2VzX3RjZDpqZHVrZXMxMjM0"},"path":"/rest/nodes/0004a30b001b0af1/payloads/dl?fcnt=19&port=01&confirmed=false","method":"POST"},"body":"IACwADMeRB5VMx5EHlU=","level":"info","message":"OUTGOING HTTP POST","timestamp":"2018-03-03T15:02:08.293Z"}
{"id":1520089380262,"deveui":"0004a30b001b0af1","timestamp":"2018-03-03T15:03:00.634Z","dataFrame":"20015000331e441e55","fcnt":17,"port":1,"rssi":-108,"snr":-16,"sf_used":10,"cr_used":"4/5","device_redundancy":0,"time_on_air_ms":247.808,"decrypted":true,"type":"/payloads/ul","level":"info","message":"INCOMING HTTP POST"}
{"data":"MAutYe0vjt+jvZZ4Ybw=","port":1,"transmissionStatus":1,"fcnt":19,"timestamp":"2018-03-03T15:03:00.791Z","confirmed":false,"id":1520089328368,"deveui":"0004a30b001b0af1","type":"/payloads/dl","level":"info","message":"INCOMING HTTP PUT"}
{"options":{"hostname":"ns1.pervasivenation.com","port":443,"headers":{"Accept":"Application/json","Authorization":"Basic amR1a2VzX3RjZDpqZHVrZXMxMjM0"},"path":"/rest/nodes/0004a30b001b0af1/payloads/dl?fcnt=20&port=01&confirmed=false","method":"POST"},"body":"IADAADMeRB5VMx5EHlU=","level":"info","message":"OUTGOING HTTP POST","timestamp":"2018-03-03T15:03:01.650Z"}
{"data":"MAutYe0vjt+jvZZ4Ybw=","port":1,"transmissionStatus":2,"fcnt":19,"timestamp":"2018-03-03T15:03:23.260Z","confirmed":false,"id":1520089328368,"deveui":"0004a30b001b0af1","type":"/payloads/dl","level":"info","message":"INCOMING HTTP PUT"}
{"data":"BVW2OI1PzCANuJvD8pk=","port":1,"transmissionStatus":1,"fcnt":20,"timestamp":"2018-03-03T15:03:23.279Z","confirmed":false,"id":1520089381735,"deveui":"0004a30b001b0af1","type":"/payloads/dl","level":"info","message":"INCOMING HTTP PUT"}
{"id":1520089403223,"deveui":"0004a30b001b0af1","timestamp":"2018-03-03T15:03:23.431Z","dataFrame":"20016000331e441e55","fcnt":18,"port":1,"rssi":-103,"snr":-13,"sf_used":10,"cr_used":"4/5","device_redundancy":0,"time_on_air_ms":247.808,"decrypted":true,"type":"/payloads/ul","level":"info","message":"INCOMING HTTP POST"}
{"options":{"hostname":"ns1.pervasivenation.com","port":443,"headers":{"Accept":"Application/json","Authorization":"Basic amR1a2VzX3RjZDpqZHVrZXMxMjM0"},"path":"/rest/nodes/0004a30b001b0af1/payloads/dl?fcnt=21&port=01&confirmed=false","method":"POST"},"body":"IADQADMeRB5VMx5EHlU=","level":"info","message":"OUTGOING HTTP POST","timestamp":"2018-03-03T15:03:24.447Z"}
{"data":"BVW2OI1PzCANuJvD8pk=","port":1,"transmissionStatus":3,"fcnt":20,"timestamp":"2018-03-03T15:03:25.973Z","confirmed":false,"id":1520089381735,"deveui":"0004a30b001b0af1","type":"/payloads/dl","level":"info","message":"INCOMING HTTP PUT"}
{"id":1520089406319,"deveui":"0004a30b001b0af1","timestamp":"2018-03-03T15:03:26.337Z","dataFrame":"20016000331e441e55","fcnt":19,"port":1,"rssi":-104,"snr":-12,"sf_used":10,"cr_used":"4/5","device_redundancy":0,"time_on_air_ms":247.808,"decrypted":true,"type":"/payloads/ul","level":"info","message":"INCOMING HTTP POST"}
{"data":"tgEX7vFTsDsSUTD85tI=","port":1,"transmissionStatus":1,"fcnt":21,"timestamp":"2018-03-03T15:03:26.351Z","confirmed":false,"id":1520089404532,"deveui":"0004a30b001b0af1","type":"/payloads/dl","level":"info","message":"INCOMING HTTP PUT"}
{"options":{"hostname":"ns1.pervasivenation.com","port":443,"headers":{"Accept":"Application/json","Authorization":"Basic amR1a2VzX3RjZDpqZHVrZXMxMjM0"},"path":"/rest/nodes/0004a30b001b0af1/payloads/dl?fcnt=22&port=01&confirmed=false","method":"POST"},"body":"IADgADMeRB5VMx5EHlU=","level":"info","message":"OUTGOING HTTP POST","timestamp":"2018-03-03T15:03:27.352Z"}
{"data":"tgEX7vFTsDsSUTD85tI=","port":1,"transmissionStatus":2,"fcnt":21,"timestamp":"2018-03-03T15:03:48.074Z","confirmed":false,"id":1520089404532,"deveui":"0004a30b001b0af1","type":"/payloads/dl","level":"info","message":"INCOMING HTTP PUT"}
{"data":"mo0aXTq9U55lELyPTk0=","port":1,"transmissionStatus":1,"fcnt":22,"timestamp":"2018-03-03T15:03:48.270Z","confirmed":false,"id":1520089407437,"deveui":"0004a30b001b0af1","type":"/payloads/dl","level":"info","message":"INCOMING HTTP PUT"}
{"id":1520089428218,"deveui":"0004a30b001b0af1","timestamp":"2018-03-03T15:03:48.278Z","dataFrame":"20017000331e441e55","fcnt":20,"port":1,"rssi":-100,"snr":-17,"sf_used":10,"cr_used":"4/5","device_redundancy":0,"time_on_air_ms":247.808,"decrypted":true,"type":"/payloads/ul","level":"info","message":"INCOMING HTTP POST"}
{"options":{"hostname":"ns1.pervasivenation.com","port":443,"headers":{"Accept":"Application/json","Authorization":"Basic amR1a2VzX3RjZDpqZHVrZXMxMjM0"},"path":"/rest/nodes/0004a30b001b0af1/payloads/dl?fcnt=23&port=01&confirmed=false","method":"POST"},"body":"IADwADMeRB5VMx5EHlU=","level":"info","message":"OUTGOING HTTP POST","timestamp":"2018-03-03T15:03:49.291Z"}
{"data":"mo0aXTq9U55lELyPTk0=","port":1,"transmissionStatus":3,"fcnt":22,"timestamp":"2018-03-03T15:03:50.906Z","confirmed":false,"id":1520089407437,"deveui":"0004a30b001b0af1","type":"/payloads/dl","level":"info","message":"INCOMING HTTP PUT"}
{"id":1520089431239,"deveui":"0004a30b001b0af1","timestamp":"2018-03-03T15:03:51.254Z","dataFrame":"20017000331e441e55","fcnt":21,"port":1,"rssi":-101,"snr":-16,"sf_used":10,"cr_used":"4/5","device_redundancy":0,"time_on_air_ms":247.808,"decrypted":true,"type":"/payloads/ul","level":"info","message":"INCOMING HTTP POST"}
{"data":"IB5b/YwElCLhc2DQ4Lo=","port":1,"transmissionStatus":1,"fcnt":23,"timestamp":"2018-03-03T15:03:51.613Z","confirmed":false,"id":1520089429368,"deveui":"0004a30b001b0af1","type":"/payloads/dl","level":"info","message":"INCOMING HTTP PUT"}
{"options":{"hostname":"ns1.pervasivenation.com","port":443,"headers":{"Accept":"Application/json","Authorization":"Basic amR1a2VzX3RjZDpqZHVrZXMxMjM0"},"path":"/rest/nodes/0004a30b001b0af1/payloads/dl?fcnt=24&port=01&confirmed=false","method":"POST"},"body":"IAEAADMeRB5VMx5EHlU=","level":"info","message":"OUTGOING HTTP POST","timestamp":"2018-03-03T15:03:52.272Z"}
{"data":"IB5b/YwElCLhc2DQ4Lo=","port":1,"transmissionStatus":3,"fcnt":23,"timestamp":"2018-03-03T15:04:53.588Z","confirmed":false,"id":1520089429368,"deveui":"0004a30b001b0af1","type":"/payloads/dl","level":"info","message":"INCOMING HTTP PUT"}
{"data":"8rFDRrMnVn4sW/g9uM8=","port":1,"transmissionStatus":1,"fcnt":24,"timestamp":"2018-03-03T15:04:53.742Z","confirmed":false,"id":1520089432413,"deveui":"0004a30b001b0af1","type":"/payloads/dl","level":"info","message":"INCOMING HTTP PUT"}
{"data":"8rFDRrMnVn4sW/g9uM8=","port":1,"transmissionStatus":3,"fcnt":24,"timestamp":"2018-03-03T15:05:19.284Z","confirmed":false,"id":1520089432413,"deveui":"0004a30b001b0af1","type":"/payloads/dl","level":"info","message":"INCOMING HTTP PUT"}
{"deveui":"0004a30b001b0af1","device_status":3,"last_reception":"2018-03-03T15:03:51.239Z","dl_fcnt":25,"device_class":0,"registration_status":1,"expiry_time_uplink":168,"expiry_time_downlink":168,"type":"/nodeinfo","level":"info","message":"INCOMING HTTP PUT","timestamp":"2018-03-03T15:05:19.443Z"}
{"id":1520089519428,"deveui":"0004a30b001b0af1","timestamp":"2018-03-03T15:05:19.480Z","dataFrame":"20019000331e441e55","fcnt":22,"port":1,"rssi":-111,"snr":-8,"sf_used":10,"cr_used":"4/5","device_redundancy":0,"time_on_air_ms":247.808,"decrypted":true,"type":"/payloads/ul","level":"info","message":"INCOMING HTTP POST"}
{"options":{"hostname":"ns1.pervasivenation.com","port":443,"headers":{"Accept":"Application/json","Authorization":"Basic amR1a2VzX3RjZDpqZHVrZXMxMjM0"},"path":"/rest/nodes/0004a30b001b0af1/payloads/dl?fcnt=26&port=01&confirmed=false","method":"POST"},"body":"IAEQADMeRB5VMx5EHlU=","level":"info","message":"OUTGOING HTTP POST","timestamp":"2018-03-03T15:05:20.493Z"}
{"data":"sjCUU1Clm9HGEz6pyog=","port":1,"transmissionStatus":1,"fcnt":26,"timestamp":"2018-03-03T15:05:22.056Z","confirmed":false,"id":1520089520596,"deveui":"0004a30b001b0af1","type":"/payloads/dl","level":"info","message":"INCOMING HTTP PUT"}
{"id":1520089522037,"deveui":"0004a30b001b0af1","timestamp":"2018-03-03T15:05:22.083Z","dataFrame":"20019000331e441e55","fcnt":23,"port":1,"rssi":-106,"snr":-12,"sf_used":10,"cr_used":"4/5","device_redundancy":0,"time_on_air_ms":247.808,"decrypted":true,"type":"/payloads/ul","level":"info","message":"INCOMING HTTP POST"}
{"options":{"hostname":"ns1.pervasivenation.com","port":443,"headers":{"Accept":"Application/json","Authorization":"Basic amR1a2VzX3RjZDpqZHVrZXMxMjM0"},"path":"/rest/nodes/0004a30b001b0af1/payloads/dl?fcnt=27&port=01&confirmed=false","method":"POST"},"body":"IAEgADMeRB5VMx5EHlU=","level":"info","message":"OUTGOING HTTP POST","timestamp":"2018-03-03T15:05:23.096Z"}
{"data":"sjCUU1Clm9HGEz6pyog=","port":1,"transmissionStatus":2,"fcnt":26,"timestamp":"2018-03-03T15:05:44.976Z","confirmed":false,"id":1520089520596,"deveui":"0004a30b001b0af1","type":"/payloads/dl","level":"info","message":"INCOMING HTTP PUT"}
{"id":1520089544952,"deveui":"0004a30b001b0af1","timestamp":"2018-03-03T15:05:45.310Z","dataFrame":"2001a000331e441e55","fcnt":24,"port":1,"rssi":-107,"snr":-6,"sf_used":10,"cr_used":"4/5","device_redundancy":0,"time_on_air_ms":247.808,"decrypted":true,"type":"/payloads/ul","level":"info","message":"INCOMING HTTP POST"}
{"data":"eBmNt+Jg/v9YwpNTj5o=","port":1,"transmissionStatus":1,"fcnt":27,"timestamp":"2018-03-03T15:05:45.325Z","confirmed":false,"id":1520089523172,"deveui":"0004a30b001b0af1","type":"/payloads/dl","level":"info","message":"INCOMING HTTP PUT"}
{"options":{"hostname":"ns1.pervasivenation.com","port":443,"headers":{"Accept":"Application/json","Authorization":"Basic amR1a2VzX3RjZDpqZHVrZXMxMjM0"},"path":"/rest/nodes/0004a30b001b0af1/payloads/dl?fcnt=28&port=01&confirmed=false","method":"POST"},"body":"IAEwADMeRB5VMx5EHlU=","level":"info","message":"OUTGOING HTTP POST","timestamp":"2018-03-03T15:05:46.332Z"}
{"data":"eBmNt+Jg/v9YwpNTj5o=","port":1,"transmissionStatus":2,"fcnt":27,"timestamp":"2018-03-03T15:06:08.113Z","confirmed":false,"id":1520089523172,"deveui":"0004a30b001b0af1","type":"/payloads/dl","level":"info","message":"INCOMING HTTP PUT"}
{"data":"lsenKpmOiYTP0ezxGho=","port":1,"transmissionStatus":1,"fcnt":28,"timestamp":"2018-03-03T15:06:08.130Z","confirmed":false,"id":1520089546410,"deveui":"0004a30b001b0af1","type":"/payloads/dl","level":"info","message":"INCOMING HTTP PUT"}
{"id":1520089568085,"deveui":"0004a30b001b0af1","timestamp":"2018-03-03T15:06:08.139Z","dataFrame":"2001b000331e441e55","fcnt":25,"port":1,"rssi":-108,"snr":-7,"sf_used":10,"cr_used":"4/5","device_redundancy":0,"time_on_air_ms":247.808,"decrypted":true,"type":"/payloads/ul","level":"info","message":"INCOMING HTTP POST"}
{"options":{"hostname":"ns1.pervasivenation.com","port":443,"headers":{"Accept":"Application/json","Authorization":"Basic amR1a2VzX3RjZDpqZHVrZXMxMjM0"},"path":"/rest/nodes/0004a30b001b0af1/payloads/dl?fcnt=29&port=01&confirmed=false","method":"POST"},"body":"IAFAADMeRB5VMx5EHlU=","level":"info","message":"OUTGOING HTTP POST","timestamp":"2018-03-03T15:06:09.155Z"}
{"data":"lsenKpmOiYTP0ezxGho=","port":1,"transmissionStatus":2,"fcnt":28,"timestamp":"2018-03-03T15:06:29.781Z","confirmed":false,"id":1520089546410,"deveui":"0004a30b001b0af1","type":"/payloads/dl","level":"info","message":"INCOMING HTTP PUT"}
{"data":"xJrW1d9O47q4Ax5hm28=","port":1,"transmissionStatus":1,"fcnt":29,"timestamp":"2018-03-03T15:06:30.137Z","confirmed":false,"id":1520089569230,"deveui":"0004a30b001b0af1","type":"/payloads/dl","level":"info","message":"INCOMING HTTP PUT"}
{"id":1520089590084,"deveui":"0004a30b001b0af1","timestamp":"2018-03-03T15:06:30.442Z","dataFrame":"2001c000331e441e55","fcnt":26,"port":1,"rssi":-107,"snr":-18,"sf_used":10,"cr_used":"4/5","device_redundancy":0,"time_on_air_ms":247.808,"decrypted":true,"type":"/payloads/ul","level":"info","message":"INCOMING HTTP POST"}
{"options":{"hostname":"ns1.pervasivenation.com","port":443,"headers":{"Accept":"Application/json","Authorization":"Basic amR1a2VzX3RjZDpqZHVrZXMxMjM0"},"path":"/rest/nodes/0004a30b001b0af1/payloads/dl?fcnt=30&port=01&confirmed=false","method":"POST"},"body":"IAFQADMeRB5VMx5EHlU=","level":"info","message":"OUTGOING HTTP POST","timestamp":"2018-03-03T15:06:31.454Z"}
{"data":"xJrW1d9O47q4Ax5hm28=","port":1,"transmissionStatus":2,"fcnt":29,"timestamp":"2018-03-03T15:06:34.174Z","confirmed":false,"id":1520089569230,"deveui":"0004a30b001b0af1","type":"/payloads/dl","level":"info","message":"INCOMING HTTP PUT"}
{"data":"Seau164UBMZzBFHLI9U=","port":1,"transmissionStatus":1,"fcnt":30,"timestamp":"2018-03-03T15:06:34.525Z","confirmed":false,"id":1520089591531,"deveui":"0004a30b001b0af1","type":"/payloads/dl","level":"info","message":"INCOMING HTTP PUT"}
{"data":"Seau164UBMZzBFHLI9U=","port":1,"transmissionStatus":2,"fcnt":30,"timestamp":"2018-03-03T15:06:57.617Z","confirmed":false,"id":1520089591531,"deveui":"0004a30b001b0af1","type":"/payloads/dl","level":"info","message":"INCOMING HTTP PUT"}
{"id":1520089617915,"deveui":"0004a30b001b0af1","timestamp":"2018-03-03T15:06:57.930Z","dataFrame":"2001d000331e441e55","fcnt":27,"port":1,"rssi":-106,"snr":-7,"sf_used":11,"cr_used":"4/5","device_redundancy":0,"time_on_air_ms":495.616,"decrypted":true,"type":"/payloads/ul","level":"info","message":"INCOMING HTTP POST"}
{"deveui":"0004a30b001b0af1","device_status":3,"last_reception":"2018-03-03T15:06:30.084Z","dl_fcnt":31,"device_class":0,"registration_status":1,"expiry_time_uplink":168,"expiry_time_downlink":168,"type":"/nodeinfo","level":"info","message":"INCOMING HTTP PUT","timestamp":"2018-03-03T15:06:57.960Z"}
{"options":{"hostname":"ns1.pervasivenation.com","port":443,"headers":{"Accept":"Application/json","Authorization":"Basic amR1a2VzX3RjZDpqZHVrZXMxMjM0"},"path":"/rest/nodes/0004a30b001b0af1/payloads/dl?fcnt=32&port=01&confirmed=false","method":"POST"},"body":"IAFgADMeRB5VMx5EHlU=","level":"info","message":"OUTGOING HTTP POST","timestamp":"2018-03-03T15:06:58.944Z"}
{"data":"x7efFsFxy7Awtui83/8=","port":1,"transmissionStatus":1,"fcnt":32,"timestamp":"2018-03-03T15:07:21.498Z","confirmed":false,"id":1520089619018,"deveui":"0004a30b001b0af1","type":"/payloads/dl","level":"info","message":"INCOMING HTTP PUT"}
{"id":1520089641141,"deveui":"0004a30b001b0af1","timestamp":"2018-03-03T15:07:21.660Z","dataFrame":"2001e000331e441e55","fcnt":28,"port":1,"rssi":-111,"snr":-13,"sf_used":11,"cr_used":"4/5","device_redundancy":0,"time_on_air_ms":495.616,"decrypted":true,"type":"/payloads/ul","level":"info","message":"INCOMING HTTP POST"}
{"options":{"hostname":"ns1.pervasivenation.com","port":443,"headers":{"Accept":"Application/json","Authorization":"Basic amR1a2VzX3RjZDpqZHVrZXMxMjM0"},"path":"/rest/nodes/0004a30b001b0af1/payloads/dl?fcnt=33&port=01&confirmed=false","method":"POST"},"body":"IAFwADMeRB5VMx5EHlU=","level":"info","message":"OUTGOING HTTP POST","timestamp":"2018-03-03T15:07:22.671Z"}
{"data":"x7efFsFxy7Awtui83/8=","port":1,"transmissionStatus":3,"fcnt":32,"timestamp":"2018-03-03T15:07:24.053Z","confirmed":false,"id":1520089619018,"deveui":"0004a30b001b0af1","type":"/payloads/dl","level":"info","message":"INCOMING HTTP PUT"}
{"id":1520089644381,"deveui":"0004a30b001b0af1","timestamp":"2018-03-03T15:07:24.396Z","dataFrame":"2001e000331e441e55","fcnt":29,"port":1,"rssi":-94,"snr":-18,"sf_used":11,"cr_used":"4/5","device_redundancy":0,"time_on_air_ms":495.616,"decrypted":true,"type":"/payloads/ul","level":"info","message":"INCOMING HTTP POST"}
{"data":"MvMXe3FLQUnlpxxQdUQ=","port":1,"transmissionStatus":1,"fcnt":33,"timestamp":"2018-03-03T15:07:24.757Z","confirmed":false,"id":1520089642746,"deveui":"0004a30b001b0af1","type":"/payloads/dl","level":"info","message":"INCOMING HTTP PUT"}
{"options":{"hostname":"ns1.pervasivenation.com","port":443,"headers":{"Accept":"Application/json","Authorization":"Basic amR1a2VzX3RjZDpqZHVrZXMxMjM0"},"path":"/rest/nodes/0004a30b001b0af1/payloads/dl?fcnt=34&port=01&confirmed=false","method":"POST"},"body":"IAGAADMeRB5VMx5EHlU=","level":"info","message":"OUTGOING HTTP POST","timestamp":"2018-03-03T15:07:25.408Z"}
{"data":"MvMXe3FLQUnlpxxQdUQ=","port":1,"transmissionStatus":2,"fcnt":33,"timestamp":"2018-03-03T15:07:46.846Z","confirmed":false,"id":1520089642746,"deveui":"0004a30b001b0af1","type":"/payloads/dl","level":"info","message":"INCOMING HTTP PUT"}
{"data":"GnKNXsgyNBkCoXa8uzY=","port":1,"transmissionStatus":1,"fcnt":34,"timestamp":"2018-03-03T15:07:47.356Z","confirmed":false,"id":1520089645483,"deveui":"0004a30b001b0af1","type":"/payloads/dl","level":"info","message":"INCOMING HTTP PUT"}
{"id":1520089667148,"deveui":"0004a30b001b0af1","timestamp":"2018-03-03T15:07:47.668Z","dataFrame":"2001f000331e441e55","fcnt":30,"port":1,"rssi":-112,"snr":-9,"sf_used":11,"cr_used":"4/5","device_redundancy":0,"time_on_air_ms":495.616,"decrypted":true,"type":"/payloads/ul","level":"info","message":"INCOMING HTTP POST"}
{"options":{"hostname":"ns1.pervasivenation.com","port":443,"headers":{"Accept":"Application/json","Authorization":"Basic amR1a2VzX3RjZDpqZHVrZXMxMjM0"},"path":"/rest/nodes/0004a30b001b0af1/payloads/dl?fcnt=35&port=01&confirmed=false","method":"POST"},"body":"IAGQADMeRB5VMx5EHlU=","level":"info","message":"OUTGOING HTTP POST","timestamp":"2018-03-03T15:07:48.680Z"}
{"id":1520089690488,"deveui":"0004a30b001b0af1","timestamp":"2018-03-03T15:08:10.538Z","dataFrame":"20020000331e441e55","fcnt":31,"port":1,"rssi":-111,"snr":-11,"sf_used":11,"cr_used":"4/5","device_redundancy":0,"time_on_air_ms":495.616,"decrypted":true,"type":"/payloads/ul","level":"info","message":"INCOMING HTTP POST"}
{"data":"GnKNXsgyNBkCoXa8uzY=","port":1,"transmissionStatus":2,"fcnt":34,"timestamp":"2018-03-03T15:08:10.660Z","confirmed":false,"id":1520089645483,"deveui":"0004a30b001b0af1","type":"/payloads/dl","level":"info","message":"INCOMING HTTP PUT"}
{"data":"zC5GWynZeY1KeM0ZVk0=","port":1,"transmissionStatus":1,"fcnt":35,"timestamp":"2018-03-03T15:08:10.699Z","confirmed":false,"id":1520089668759,"deveui":"0004a30b001b0af1","type":"/payloads/dl","level":"info","message":"INCOMING HTTP PUT"}
{"options":{"hostname":"ns1.pervasivenation.com","port":443,"headers":{"Accept":"Application/json","Authorization":"Basic amR1a2VzX3RjZDpqZHVrZXMxMjM0"},"path":"/rest/nodes/0004a30b001b0af1/payloads/dl?fcnt=36&port=01&confirmed=false","method":"POST"},"body":"IAGgADMeRB5VMx5EHlU=","level":"info","message":"OUTGOING HTTP POST","timestamp":"2018-03-03T15:08:11.551Z"}
{"data":"zC5GWynZeY1KeM0ZVk0=","port":1,"transmissionStatus":2,"fcnt":35,"timestamp":"2018-03-03T15:08:33.530Z","confirmed":false,"id":1520089668759,"deveui":"0004a30b001b0af1","type":"/payloads/dl","level":"info","message":"INCOMING HTTP PUT"}
{"data":"vPr4YsleHES+c7xeKWU=","port":1,"transmissionStatus":1,"fcnt":36,"timestamp":"2018-03-03T15:08:33.842Z","confirmed":false,"id":1520089691627,"deveui":"0004a30b001b0af1","type":"/payloads/dl","level":"info","message":"INCOMING HTTP PUT"}
{"id":1520089713828,"deveui":"0004a30b001b0af1","timestamp":"2018-03-03T15:08:34.035Z","dataFrame":"20021000331e441e55","fcnt":32,"port":1,"rssi":-102,"snr":-13,"sf_used":11,"cr_used":"4/5","device_redundancy":0,"time_on_air_ms":495.616,"decrypted":true,"type":"/payloads/ul","level":"info","message":"INCOMING HTTP POST"}
{"options":{"hostname":"ns1.pervasivenation.com","port":443,"headers":{"Accept":"Application/json","Authorization":"Basic amR1a2VzX3RjZDpqZHVrZXMxMjM0"},"path":"/rest/nodes/0004a30b001b0af1/payloads/dl?fcnt=37&port=01&confirmed=false","method":"POST"},"body":"IAGwADMeRB5VMx5EHlU=","level":"info","message":"OUTGOING HTTP POST","timestamp":"2018-03-03T15:08:35.046Z"}
{"data":"vPr4YsleHES+c7xeKWU=","port":1,"transmissionStatus":2,"fcnt":36,"timestamp":"2018-03-03T15:08:57.184Z","confirmed":false,"id":1520089691627,"deveui":"0004a30b001b0af1","type":"/payloads/dl","level":"info","message":"INCOMING HTTP PUT"}
{"id":1520089737179,"deveui":"0004a30b001b0af1","timestamp":"2018-03-03T15:08:57.412Z","dataFrame":"20022000331e441e55","fcnt":33,"port":1,"rssi":-105,"snr":-11,"sf_used":11,"cr_used":"4/5","device_redundancy":0,"time_on_air_ms":495.616,"decrypted":true,"type":"/payloads/ul","level":"info","message":"INCOMING HTTP POST"}
{"data":"0BbCE55T8KLZqf6EDQs=","port":1,"transmissionStatus":1,"fcnt":37,"timestamp":"2018-03-03T15:08:57.533Z","confirmed":false,"id":1520089715120,"deveui":"0004a30b001b0af1","type":"/payloads/dl","level":"info","message":"INCOMING HTTP PUT"}
{"options":{"hostname":"ns1.pervasivenation.com","port":443,"headers":{"Accept":"Application/json","Authorization":"Basic amR1a2VzX3RjZDpqZHVrZXMxMjM0"},"path":"/rest/nodes/0004a30b001b0af1/payloads/dl?fcnt=38&port=01&confirmed=false","method":"POST"},"body":"IAHAADMeRB5VMx5EHlU=","level":"info","message":"OUTGOING HTTP POST","timestamp":"2018-03-03T15:08:58.424Z"}
{"data":"0BbCE55T8KLZqf6EDQs=","port":1,"transmissionStatus":2,"fcnt":37,"timestamp":"2018-03-03T15:10:37.900Z","confirmed":false,"id":1520089715120,"deveui":"0004a30b001b0af1","type":"/payloads/dl","level":"info","message":"INCOMING HTTP PUT"}
{"data":"N90P3XxngbvgMzVzt1o=","port":1,"transmissionStatus":1,"fcnt":38,"timestamp":"2018-03-03T15:10:38.108Z","confirmed":false,"id":1520089738534,"deveui":"0004a30b001b0af1","type":"/payloads/dl","level":"info","message":"INCOMING HTTP PUT"}
{"id":1520089837876,"deveui":"0004a30b001b0af1","timestamp":"2018-03-03T15:10:38.251Z","dataFrame":"10026000331e441e55","fcnt":34,"port":1,"rssi":-102,"snr":-12,"sf_used":11,"cr_used":"4/5","device_redundancy":0,"time_on_air_ms":495.616,"decrypted":true,"type":"/payloads/ul","level":"info","message":"INCOMING HTTP POST"}
{"data":"N90P3XxngbvgMzVzt1o=","port":1,"transmissionStatus":3,"fcnt":38,"timestamp":"2018-03-03T15:11:11.032Z","confirmed":false,"id":1520089738534,"deveui":"0004a30b001b0af1","type":"/payloads/dl","level":"info","message":"INCOMING HTTP PUT"}
{"deveui":"0004a30b001b0af1","device_status":3,"last_reception":"2018-03-03T15:10:37.876Z","dl_fcnt":39,"device_class":0,"registration_status":1,"expiry_time_uplink":168,"expiry_time_downlink":168,"type":"/nodeinfo","level":"info","message":"INCOMING HTTP PUT","timestamp":"2018-03-03T15:11:11.073Z"}
{"id":1520089870717,"deveui":"0004a30b001b0af1","timestamp":"2018-03-03T15:11:11.234Z","dataFrame":"20027000331e441e55","fcnt":35,"port":1,"rssi":-99,"snr":-18,"sf_used":11,"cr_used":"4/5","device_redundancy":0,"time_on_air_ms":495.616,"decrypted":true,"type":"/payloads/ul","level":"info","message":"INCOMING HTTP POST"}
{"options":{"hostname":"ns1.pervasivenation.com","port":443,"headers":{"Accept":"Application/json","Authorization":"Basic amR1a2VzX3RjZDpqZHVrZXMxMjM0"},"path":"/rest/nodes/0004a30b001b0af1/payloads/dl?fcnt=40&port=01&confirmed=false","method":"POST"},"body":"IAHQADMeRB5VMx5EHlU=","level":"info","message":"OUTGOING HTTP POST","timestamp":"2018-03-03T15:11:12.246Z"}
{"id":1520089893181,"deveui":"0004a30b001b0af1","timestamp":"2018-03-03T15:11:33.225Z","dataFrame":"20028000331e441e55","fcnt":36,"port":1,"rssi":-102,"snr":-17,"sf_used":11,"cr_used":"4/5","device_redundancy":0,"time_on_air_ms":495.616,"decrypted":true,"type":"/payloads/ul","level":"info","message":"INCOMING HTTP POST"}
{"data":"LbXi1pYU9HlkwJX2iSk=","port":1,"transmissionStatus":1,"fcnt":40,"timestamp":"2018-03-03T15:11:33.408Z","confirmed":false,"id":1520089872345,"deveui":"0004a30b001b0af1","type":"/payloads/dl","level":"info","message":"INCOMING HTTP PUT"}
{"options":{"hostname":"ns1.pervasivenation.com","port":443,"headers":{"Accept":"Application/json","Authorization":"Basic amR1a2VzX3RjZDpqZHVrZXMxMjM0"},"path":"/rest/nodes/0004a30b001b0af1/payloads/dl?fcnt=41&port=01&confirmed=false","method":"POST"},"body":"IAHgADMeRB5VMx5EHlU=","level":"info","message":"OUTGOING HTTP POST","timestamp":"2018-03-03T15:11:34.238Z"}
{"data":"LbXi1pYU9HlkwJX2iSk=","port":1,"transmissionStatus":2,"fcnt":40,"timestamp":"2018-03-03T15:11:56.623Z","confirmed":false,"id":1520089872345,"deveui":"0004a30b001b0af1","type":"/payloads/dl","level":"info","message":"INCOMING HTTP PUT"}
{"id":1520089916599,"deveui":"0004a30b001b0af1","timestamp":"2018-03-03T15:11:56.651Z","dataFrame":"20029000331e441e55","fcnt":37,"port":1,"rssi":-105,"snr":-14,"sf_used":11,"cr_used":"4/5","device_redundancy":0,"time_on_air_ms":495.616,"decrypted":true,"type":"/payloads/ul","level":"info","message":"INCOMING HTTP POST"}
{"data":"3gKF4uoZd8ORKiKJCfU=","port":1,"transmissionStatus":1,"fcnt":41,"timestamp":"2018-03-03T15:11:56.664Z","confirmed":false,"id":1520089894315,"deveui":"0004a30b001b0af1","type":"/payloads/dl","level":"info","message":"INCOMING HTTP PUT"}
{"options":{"hostname":"ns1.pervasivenation.com","port":443,"headers":{"Accept":"Application/json","Authorization":"Basic amR1a2VzX3RjZDpqZHVrZXMxMjM0"},"path":"/rest/nodes/0004a30b001b0af1/payloads/dl?fcnt=42&port=01&confirmed=false","method":"POST"},"body":"IAHwADMeRB5VMx5EHlU=","level":"info","message":"OUTGOING HTTP POST","timestamp":"2018-03-03T15:11:57.663Z"}
{"data":"3gKF4uoZd8ORKiKJCfU=","port":1,"transmissionStatus":2,"fcnt":41,"timestamp":"2018-03-03T15:12:19.849Z","confirmed":false,"id":1520089894315,"deveui":"0004a30b001b0af1","type":"/payloads/dl","level":"info","message":"INCOMING HTTP PUT"}
{"id":1520089939675,"deveui":"0004a30b001b0af1","timestamp":"2018-03-03T15:12:20.048Z","dataFrame":"2002a000331e441e55","fcnt":38,"port":1,"rssi":-109,"snr":-17,"sf_used":11,"cr_used":"4/5","device_redundancy":0,"time_on_air_ms":495.616,"decrypted":true,"type":"/payloads/ul","level":"info","message":"INCOMING HTTP POST"}
{"data":"JBD2FXCuupLwR4mLxoQ=","port":1,"transmissionStatus":1,"fcnt":42,"timestamp":"2018-03-03T15:12:20.345Z","confirmed":false,"id":1520089917742,"deveui":"0004a30b001b0af1","type":"/payloads/dl","level":"info","message":"INCOMING HTTP PUT"}
{"options":{"hostname":"ns1.pervasivenation.com","port":443,"headers":{"Accept":"Application/json","Authorization":"Basic amR1a2VzX3RjZDpqZHVrZXMxMjM0"},"path":"/rest/nodes/0004a30b001b0af1/payloads/dl?fcnt=43&port=01&confirmed=false","method":"POST"},"body":"IAIAADMeRB5VMx5EHlU=","level":"info","message":"OUTGOING HTTP POST","timestamp":"2018-03-03T15:12:21.059Z"}
