{"options":{"hostname":"ns1.pervasivenation.com","port":443,"headers":{"Accept":"Application/json","Authorization":"Basic amR1a2VzX3RjZDpqZHVrZXMxMjM0","Content-Type":"Application/json"},"path":"/rest/pushmode/start","method":"PUT"},"body":{"host":"http://osullkev.com","port":3030,"path_prefix":"/","auth_string":"Basic Og==","retry_policy":0},"level":"info","message":"OUTGOING HTTP PUT","timestamp":"2018-03-05T18:09:45.626Z"}
{"id":1520273392233,"deveui":"0004a30b001b0af1","timestamp":"2018-03-05T18:09:52.661Z","dataFrame":"10001111331e221e44","fcnt":1,"port":1,"rssi":-108,"snr":-20,"sf_used":12,"cr_used":"4/5","device_redundancy":1,"time_on_air_ms":991.232,"decrypted":true,"type":"/payloads/ul","level":"info","message":"INCOMING HTTP POST"}
{"id":1520273407142,"deveui":"0004a30b001b0af1","timestamp":"2018-03-05T18:10:07.202Z","dataFrame":"20002111331e221e44","fcnt":2,"port":1,"rssi":-105,"snr":-22,"sf_used":12,"cr_used":"4/5","device_redundancy":1,"time_on_air_ms":991.232,"decrypted":true,"type":"/payloads/ul","level":"info","message":"INCOMING HTTP POST"}
{"deveui":"0004a30b001b0af1","device_status":3,"last_reception":"2018-03-05T18:09:52.233Z","dl_fcnt":1,"device_class":0,"registration_status":1,"expiry_time_uplink":168,"expiry_time_downlink":168,"type":"/nodeinfo","level":"info","message":"INCOMING HTTP PUT","timestamp":"2018-03-05T18:10:07.375Z"}
{"options":{"hostname":"ns1.pervasivenation.com","port":443,"headers":{"Accept":"Application/json","Authorization":"Basic amR1a2VzX3RjZDpqZHVrZXMxMjM0"},"path":"/rest/nodes/0004a30b001b0af1/payloads/dl?fcnt=2&port=01&confirmed=false","method":"POST"},"body":"IAAQADMeIh5EMx4iHkQ=","level":"info","message":"OUTGOING HTTP POST","timestamp":"2018-03-05T18:10:08.229Z"}
{"data":"xLuNIy4FfVkKpZUn5JI=","port":1,"transmissionStatus":1,"fcnt":2,"timestamp":"2018-03-05T18:10:45.113Z","confirmed":false,"id":1520273408317,"deveui":"0004a30b001b0af1","type":"/payloads/dl","level":"info","message":"INCOMING HTTP PUT"}
{"id":1520273445058,"deveui":"0004a30b001b0af1","timestamp":"2018-03-05T18:10:45.435Z","dataFrame":"20003111331e221e44","fcnt":4,"port":1,"rssi":-107,"snr":-11,"sf_used":12,"cr_used":"4/5","device_redundancy":1,"time_on_air_ms":991.232,"decrypted":true,"type":"/payloads/ul","level":"info","message":"INCOMING HTTP POST"}
{"options":{"hostname":"ns1.pervasivenation.com","port":443,"headers":{"Accept":"Application/json","Authorization":"Basic amR1a2VzX3RjZDpqZHVrZXMxMjM0"},"path":"/rest/nodes/0004a30b001b0af1/payloads/dl?fcnt=3&port=01&confirmed=false","method":"POST"},"body":"IAAgADMeIh5EMx4iHkQ=","level":"info","message":"OUTGOING HTTP POST","timestamp":"2018-03-05T18:10:46.449Z"}
{"data":"xLuNIy4FfVkKpZUn5JI=","port":1,"transmissionStatus":3,"fcnt":2,"timestamp":"2018-03-05T18:11:42.813Z","confirmed":false,"id":1520273408317,"deveui":"0004a30b001b0af1","type":"/payloads/dl","level":"info","message":"INCOMING HTTP PUT"}
{"id":1520273502790,"deveui":"0004a30b001b0af1","timestamp":"2018-03-05T18:11:43.019Z","dataFrame":"20004111331e221e44","fcnt":6,"port":1,"rssi":-126,"snr":-11.8,"sf_used":12,"cr_used":"4/5","device_redundancy":1,"time_on_air_ms":991.232,"decrypted":true,"type":"/payloads/ul","level":"info","message":"INCOMING HTTP POST"}
{"data":"xbi9uBK/k81+FJBtmg0=","port":1,"transmissionStatus":1,"fcnt":3,"timestamp":"2018-03-05T18:11:43.170Z","confirmed":false,"id":1520273446532,"deveui":"0004a30b001b0af1","type":"/payloads/dl","level":"info","message":"INCOMING HTTP PUT"}
{"options":{"hostname":"ns1.pervasivenation.com","port":443,"headers":{"Accept":"Application/json","Authorization":"Basic amR1a2VzX3RjZDpqZHVrZXMxMjM0"},"path":"/rest/nodes/0004a30b001b0af1/payloads/dl?fcnt=4&port=01&confirmed=false","method":"POST"},"body":"IAAwADMeIh5EMx4iHkQ=","level":"info","message":"OUTGOING HTTP POST","timestamp":"2018-03-05T18:11:44.032Z"}
{"data":"xbi9uBK/k81+FJBtmg0=","port":1,"transmissionStatus":3,"fcnt":3,"timestamp":"2018-03-05T18:12:08.060Z","confirmed":false,"id":1520273446532,"deveui":"0004a30b001b0af1","type":"/payloads/dl","level":"info","message":"INCOMING HTTP PUT"}
{"data":"fWJZwAhMYrM0iu1Q1m8=","port":1,"transmissionStatus":1,"fcnt":4,"timestamp":"2018-03-05T18:12:08.232Z","confirmed":false,"id":1520273504108,"deveui":"0004a30b001b0af1","type":"/payloads/dl","level":"info","message":"INCOMING HTTP PUT"}
{"id":1520273528179,"deveui":"0004a30b001b0af1","timestamp":"2018-03-05T18:12:08.248Z","dataFrame":"20005111331e221e44","fcnt":7,"port":1,"rssi":-108,"snr":-10,"sf_used":12,"cr_used":"4/5","device_redundancy":1,"time_on_air_ms":991.232,"decrypted":true,"type":"/payloads/ul","level":"info","message":"INCOMING HTTP POST"}
{"options":{"hostname":"ns1.pervasivenation.com","port":443,"headers":{"Accept":"Application/json","Authorization":"Basic amR1a2VzX3RjZDpqZHVrZXMxMjM0"},"path":"/rest/nodes/0004a30b001b0af1/payloads/dl?fcnt=5&port=01&confirmed=false","method":"POST"},"body":"IABAADMeIh5EMx4iHkQ=","level":"info","message":"OUTGOING HTTP POST","timestamp":"2018-03-05T18:12:09.261Z"}
{"data":"fWJZwAhMYrM0iu1Q1m8=","port":1,"transmissionStatus":2,"fcnt":4,"timestamp":"2018-03-05T18:12:45.025Z","confirmed":false,"id":1520273504108,"deveui":"0004a30b001b0af1","type":"/payloads/dl","level":"info","message":"INCOMING HTTP PUT"}
{"id":1520273565322,"deveui":"0004a30b001b0af1","timestamp":"2018-03-05T18:12:45.385Z","dataFrame":"20006111331e221e44","fcnt":8,"port":1,"rssi":-110,"snr":-8,"sf_used":12,"cr_used":"4/5","device_redundancy":1,"time_on_air_ms":991.232,"decrypted":true,"type":"/payloads/ul","level":"info","message":"INCOMING HTTP POST"}
{"data":"PMlkySB2/vwubmgjCPY=","port":1,"transmissionStatus":1,"fcnt":5,"timestamp":"2018-03-05T18:12:45.698Z","confirmed":false,"id":1520273529341,"deveui":"0004a30b001b0af1","type":"/payloads/dl","level":"info","message":"INCOMING HTTP PUT"}
{"options":{"hostname":"ns1.pervasivenation.com","port":443,"headers":{"Accept":"Application/json","Authorization":"Basic amR1a2VzX3RjZDpqZHVrZXMxMjM0"},"path":"/rest/nodes/0004a30b001b0af1/payloads/dl?fcnt=6&port=01&confirmed=false","method":"POST"},"body":"IABQADMeIh5EMx4iHkQ=","level":"info","message":"OUTGOING HTTP POST","timestamp":"2018-03-05T18:12:46.398Z"}
{"data":"PMlkySB2/vwubmgjCPY=","port":1,"transmissionStatus":2,"fcnt":5,"timestamp":"2018-03-05T18:13:06.339Z","confirmed":false,"id":1520273529341,"deveui":"0004a30b001b0af1","type":"/payloads/dl","level":"info","message":"INCOMING HTTP PUT"}
{"id":1520273586317,"deveui":"0004a30b001b0af1","timestamp":"2018-03-05T18:13:06.362Z","dataFrame":"10007111331e221e44","fcnt":9,"port":1,"rssi":-106,"snr":-14,"sf_used":12,"cr_used":"4/5","device_redundancy":1,"time_on_air_ms":991.232,"decrypted":true,"type":"/payloads/ul","level":"info","message":"INCOMING HTTP POST"}
{"data":"g/jcfXv6E3qpSd2jakU=","port":1,"transmissionStatus":1,"fcnt":6,"timestamp":"2018-03-05T18:13:06.376Z","confirmed":false,"id":1520273566478,"deveui":"0004a30b001b0af1","type":"/payloads/dl","level":"info","message":"INCOMING HTTP PUT"}
{"deveui":"0004a30b001b0af1","appeui":"0011223344556677","join_status":"JOIN_ACCEPTED","type":"/joininfo","level":"info","message":"INCOMING HTTP PUT","timestamp":"2018-03-05T18:25:31.415Z"}
{"deveui":"0004a30b001b0af1","appeui":"0011223344556677","join_status":"JOIN_ACCEPTED","type":"/joininfo","level":"info","message":"INCOMING HTTP PUT","timestamp":"2018-03-05T18:25:40.817Z"}
{"data":"g/jcfXv6E3qpSd2jakU=","port":1,"transmissionStatus":3,"fcnt":6,"timestamp":"2018-03-05T18:26:11.257Z","confirmed":false,"id":1520273566478,"deveui":"0004a30b001b0af1","type":"/payloads/dl","level":"info","message":"INCOMING HTTP PUT"}
{"id":1520274371282,"deveui":"0004a30b001b0af1","timestamp":"2018-03-05T18:26:11.298Z","dataFrame":"2000a111331e221e44","fcnt":0,"port":1,"rssi":-110,"snr":-8,"sf_used":12,"cr_used":"4/5","device_redundancy":0,"time_on_air_ms":991.232,"decrypted":true,"type":"/payloads/ul","level":"info","message":"INCOMING HTTP POST"}
{"deveui":"0004a30b001b0af1","device_status":3,"last_reception":"2018-03-05T18:13:06.317Z","dl_fcnt":0,"device_class":0,"registration_status":1,"expiry_time_uplink":168,"expiry_time_downlink":168,"type":"/nodeinfo","level":"info","message":"INCOMING HTTP PUT","timestamp":"2018-03-05T18:26:11.801Z"}
{"options":{"hostname":"ns1.pervasivenation.com","port":443,"headers":{"Accept":"Application/json","Authorization":"Basic amR1a2VzX3RjZDpqZHVrZXMxMjM0"},"path":"/rest/nodes/0004a30b001b0af1/payloads/dl?fcnt=7&port=01&confirmed=false","method":"POST"},"body":"IABgADMeIh5EMx4iHkQ=","level":"info","message":"OUTGOING HTTP POST","timestamp":"2018-03-05T18:26:12.311Z"}
{"id":1520274471788,"deveui":"0004a30b001b0af1","timestamp":"2018-03-05T18:27:52.161Z","dataFrame":"2000a111331e221e44","fcnt":1,"port":1,"rssi":-91,"snr":-24,"sf_used":12,"cr_used":"4/5","device_redundancy":0,"time_on_air_ms":991.232,"decrypted":true,"type":"/payloads/ul","level":"info","message":"INCOMING HTTP POST"}
{"data":"UWeUklN1XNpPIWPqM20=","port":1,"transmissionStatus":1,"fcnt":7,"timestamp":"2018-03-05T18:27:52.334Z","confirmed":false,"id":1520274372486,"deveui":"0004a30b001b0af1","type":"/payloads/dl","level":"info","message":"INCOMING HTTP PUT"}
{"options":{"hostname":"ns1.pervasivenation.com","port":443,"headers":{"Accept":"Application/json","Authorization":"Basic amR1a2VzX3RjZDpqZHVrZXMxMjM0"},"path":"/rest/nodes/0004a30b001b0af1/payloads/dl?fcnt=8&port=01&confirmed=false","method":"POST"},"body":"IABwADMeIh5EMx4iHkQ=","level":"info","message":"OUTGOING HTTP POST","timestamp":"2018-03-05T18:27:53.173Z"}
{"data":"UWeUklN1XNpPIWPqM20=","port":1,"transmissionStatus":2,"fcnt":7,"timestamp":"2018-03-05T18:28:06.080Z","confirmed":false,"id":1520274372486,"deveui":"0004a30b001b0af1","type":"/payloads/dl","level":"info","message":"INCOMING HTTP PUT"}
{"id":1520274486383,"deveui":"0004a30b001b0af1","timestamp":"2018-03-05T18:28:06.744Z","dataFrame":"10007111331e221e44","fcnt":2,"port":1,"rssi":-107,"snr":-8,"sf_used":12,"cr_used":"4/5","device_redundancy":0,"time_on_air_ms":991.232,"decrypted":true,"type":"/payloads/ul","level":"info","message":"INCOMING HTTP POST"}
{"data":"b/012iA3/AT0r2LLbsg=","port":1,"transmissionStatus":1,"fcnt":8,"timestamp":"2018-03-05T18:28:06.904Z","confirmed":false,"id":1520274473248,"deveui":"0004a30b001b0af1","type":"/payloads/dl","level":"info","message":"INCOMING HTTP PUT"}
{"id":1520274505107,"deveui":"0004a30b001b0af1","timestamp":"2018-03-05T18:28:25.160Z","dataFrame":"10007111331e221e44","fcnt":3,"port":1,"rssi":-111,"snr":-11,"sf_used":12,"cr_used":"4/5","device_redundancy":0,"time_on_air_ms":991.232,"decrypted":true,"type":"/payloads/ul","level":"info","message":"INCOMING HTTP POST"}
{"data":"b/012iA3/AT0r2LLbsg=","port":1,"transmissionStatus":2,"fcnt":8,"timestamp":"2018-03-05T18:28:25.279Z","confirmed":false,"id":1520274473248,"deveui":"0004a30b001b0af1","type":"/payloads/dl","level":"info","message":"INCOMING HTTP PUT"}
{"deveui":"0004a30b001b0af1","device_status":3,"last_reception":"2018-03-05T18:28:06.383Z","dl_fcnt":9,"device_class":0,"registration_status":1,"expiry_time_uplink":168,"expiry_time_downlink":168,"type":"/nodeinfo","level":"info","message":"INCOMING HTTP PUT","timestamp":"2018-03-05T18:28:25.338Z"}
{"deveui":"0004a30b001b0af1","device_status":3,"last_reception":"2018-03-05T18:28:25.107Z","dl_fcnt":10,"device_class":0,"registration_status":1,"expiry_time_uplink":168,"expiry_time_downlink":168,"type":"/nodeinfo","level":"info","message":"INCOMING HTTP PUT","timestamp":"2018-03-05T18:28:37.773Z"}
{"id":1520274517727,"deveui":"0004a30b001b0af1","timestamp":"2018-03-05T18:28:37.783Z","dataFrame":"10007111331e221e44","fcnt":4,"port":1,"rssi":-110,"snr":-14,"sf_used":12,"cr_used":"4/5","device_redundancy":0,"time_on_air_ms":991.232,"decrypted":true,"type":"/payloads/ul","level":"info","message":"INCOMING HTTP POST"}
{"id":1520274533014,"deveui":"0004a30b001b0af1","timestamp":"2018-03-05T18:28:53.067Z","dataFrame":"20005111331e221e44","fcnt":5,"port":1,"rssi":-109,"snr":-16,"sf_used":12,"cr_used":"4/5","device_redundancy":0,"time_on_air_ms":991.232,"decrypted":true,"type":"/payloads/ul","level":"info","message":"INCOMING HTTP POST"}
{"deveui":"0004a30b001b0af1","device_status":3,"last_reception":"2018-03-05T18:28:37.727Z","dl_fcnt":11,"device_class":0,"registration_status":1,"expiry_time_uplink":168,"expiry_time_downlink":168,"type":"/nodeinfo","level":"info","message":"INCOMING HTTP PUT","timestamp":"2018-03-05T18:28:53.679Z"}
{"options":{"hostname":"ns1.pervasivenation.com","port":443,"headers":{"Accept":"Application/json","Authorization":"Basic amR1a2VzX3RjZDpqZHVrZXMxMjM0"},"path":"/rest/nodes/0004a30b001b0af1/payloads/dl?fcnt=12&port=01&confirmed=false","method":"POST"},"body":"IACAADMeIh5EMx4iHkQ=","level":"info","message":"OUTGOING HTTP POST","timestamp":"2018-03-05T18:28:54.079Z"}
