{"options":{"hostname":"ns1.pervasivenation.com","port":443,"headers":{"Accept":"Application/json","Authorization":"Basic amR1a2VzX3RjZDpqZHVrZXMxMjM0","Content-Type":"Application/json"},"path":"/rest/pushmode/start","method":"PUT"},"body":{"host":"http://osullkev.com","port":3030,"path_prefix":"/","auth_string":"Basic Og==","retry_policy":0},"level":"info","message":"OUTGOING HTTP PUT","timestamp":"2018-03-05T17:44:49.090Z"}
{"deveui":"0004a30b001b0af1","appeui":"0011223344556677","join_status":"JOIN_ACCEPTED","type":"/joininfo","level":"info","message":"INCOMING HTTP PUT","timestamp":"2018-03-05T17:48:30.925Z"}
{"deveui":"0004a30b001b0af1","appeui":"0011223344556677","join_status":"JOIN_ACCEPTED","type":"/joininfo","level":"info","message":"INCOMING HTTP PUT","timestamp":"2018-03-05T17:48:48.660Z"}
{"id":1520272158809,"deveui":"0004a30b001b0af1","timestamp":"2018-03-05T17:49:19.189Z","dataFrame":"10001000331e441e55","fcnt":0,"port":1,"rssi":-101,"snr":-20,"sf_used":12,"cr_used":"4/5","device_redundancy":0,"time_on_air_ms":991.232,"decrypted":true,"type":"/payloads/ul","level":"info","message":"INCOMING HTTP POST"}
{"deveui":"0004a30b001b0af1","device_status":3,"last_reception":"2018-03-05T17:25:08.603Z","dl_fcnt":0,"device_class":0,"registration_status":1,"expiry_time_uplink":168,"expiry_time_downlink":168,"type":"/nodeinfo","level":"info","message":"INCOMING HTTP PUT","timestamp":"2018-03-05T17:49:19.334Z"}
{"id":1520272203606,"deveui":"0004a30b001b0af1","timestamp":"2018-03-05T17:50:03.836Z","dataFrame":"10002000331e441e55","fcnt":1,"port":1,"rssi":-102,"snr":-18,"sf_used":12,"cr_used":"4/5","device_redundancy":1,"time_on_air_ms":991.232,"decrypted":true,"type":"/payloads/ul","level":"info","message":"INCOMING HTTP POST"}
{"deveui":"0004a30b001b0af1","device_status":3,"last_reception":"2018-03-05T17:49:18.809Z","dl_fcnt":1,"device_class":0,"registration_status":1,"expiry_time_uplink":168,"expiry_time_downlink":168,"type":"/nodeinfo","level":"info","message":"INCOMING HTTP PUT","timestamp":"2018-03-05T17:50:03.977Z"}
{"deveui":"0004a30b001b0af1","device_status":3,"last_reception":"2018-03-05T17:50:03.606Z","dl_fcnt":2,"device_class":0,"registration_status":1,"expiry_time_uplink":168,"expiry_time_downlink":168,"type":"/nodeinfo","level":"info","message":"INCOMING HTTP PUT","timestamp":"2018-03-05T17:50:48.546Z"}
{"id":1520272248172,"deveui":"0004a30b001b0af1","timestamp":"2018-03-05T17:50:48.688Z","dataFrame":"10003000331e441e55","fcnt":2,"port":1,"rssi":-111,"snr":-7,"sf_used":12,"cr_used":"4/5","device_redundancy":1,"time_on_air_ms":991.232,"decrypted":true,"type":"/payloads/ul","level":"info","message":"INCOMING HTTP POST"}
{"id":1520272288379,"deveui":"0004a30b001b0af1","timestamp":"2018-03-05T17:51:28.610Z","dataFrame":"20004000331e441e55","fcnt":3,"port":1,"rssi":-111,"snr":-12,"sf_used":12,"cr_used":"4/5","device_redundancy":1,"time_on_air_ms":991.232,"decrypted":true,"type":"/payloads/ul","level":"info","message":"INCOMING HTTP POST"}
{"deveui":"0004a30b001b0af1","device_status":3,"last_reception":"2018-03-05T17:50:48.172Z","dl_fcnt":3,"device_class":0,"registration_status":1,"expiry_time_uplink":168,"expiry_time_downlink":168,"type":"/nodeinfo","level":"info","message":"INCOMING HTTP PUT","timestamp":"2018-03-05T17:51:28.732Z"}
{"options":{"hostname":"ns1.pervasivenation.com","port":443,"headers":{"Accept":"Application/json","Authorization":"Basic amR1a2VzX3RjZDpqZHVrZXMxMjM0"},"path":"/rest/nodes/0004a30b001b0af1/payloads/dl?fcnt=4&port=01&confirmed=false","method":"POST"},"body":"IAAQADMeRB5VMx5EHlU=","level":"info","message":"OUTGOING HTTP POST","timestamp":"2018-03-05T17:51:29.634Z"}
{"data":"GaqLCh9c6SmB5joB/CY=","port":1,"transmissionStatus":1,"fcnt":4,"timestamp":"2018-03-05T17:51:34.525Z","confirmed":false,"id":1520272289742,"deveui":"0004a30b001b0af1","type":"/payloads/dl","level":"info","message":"INCOMING HTTP PUT"}
{"data":"GaqLCh9c6SmB5joB/CY=","port":1,"transmissionStatus":3,"fcnt":4,"timestamp":"2018-03-05T17:52:18.230Z","confirmed":false,"id":1520272289742,"deveui":"0004a30b001b0af1","type":"/payloads/dl","level":"info","message":"INCOMING HTTP PUT"}
{"id":1520272338226,"deveui":"0004a30b001b0af1","timestamp":"2018-03-05T17:52:18.744Z","dataFrame":"10005000331e441e55","fcnt":4,"port":1,"rssi":-112,"snr":-19,"sf_used":12,"cr_used":"4/5","device_redundancy":1,"time_on_air_ms":991.232,"decrypted":true,"type":"/payloads/ul","level":"info","message":"INCOMING HTTP POST"}
{"id":1520272381888,"deveui":"0004a30b001b0af1","timestamp":"2018-03-05T17:53:01.940Z","dataFrame":"10006000331e441e55","fcnt":5,"port":1,"rssi":-106,"snr":-7,"sf_used":12,"cr_used":"4/5","device_redundancy":1,"time_on_air_ms":991.232,"decrypted":true,"type":"/payloads/ul","level":"info","message":"INCOMING HTTP POST"}
{"id":1520272425523,"deveui":"0004a30b001b0af1","timestamp":"2018-03-05T17:53:45.902Z","dataFrame":"10007000331e441e55","fcnt":6,"port":1,"rssi":-110,"snr":-10,"sf_used":12,"cr_used":"4/5","device_redundancy":1,"time_on_air_ms":991.232,"decrypted":true,"type":"/payloads/ul","level":"info","message":"INCOMING HTTP POST"}
{"id":1520272465688,"deveui":"0004a30b001b0af1","timestamp":"2018-03-05T17:54:25.895Z","dataFrame":"20008000331e441e55","fcnt":7,"port":1,"rssi":-102,"snr":-9,"sf_used":12,"cr_used":"4/5","device_redundancy":1,"time_on_air_ms":991.232,"decrypted":true,"type":"/payloads/ul","level":"info","message":"INCOMING HTTP POST"}
{"deveui":"0004a30b001b0af1","device_status":3,"last_reception":"2018-03-05T17:53:45.523Z","dl_fcnt":5,"device_class":0,"registration_status":1,"expiry_time_uplink":168,"expiry_time_downlink":168,"type":"/nodeinfo","level":"info","message":"INCOMING HTTP PUT","timestamp":"2018-03-05T17:54:26.058Z"}
{"options":{"hostname":"ns1.pervasivenation.com","port":443,"headers":{"Accept":"Application/json","Authorization":"Basic amR1a2VzX3RjZDpqZHVrZXMxMjM0"},"path":"/rest/nodes/0004a30b001b0af1/payloads/dl?fcnt=6&port=01&confirmed=false","method":"POST"},"body":"IAAgADMeRB5VMx5EHlU=","level":"info","message":"OUTGOING HTTP POST","timestamp":"2018-03-05T17:54:26.910Z"}
{"id":1520272581662,"deveui":"0004a30b001b0af1","timestamp":"2018-03-05T17:56:22.035Z","dataFrame":"1000b000331e441e55","fcnt":8,"port":1,"rssi":-102,"snr":-20,"sf_used":12,"cr_used":"4/5","device_redundancy":1,"time_on_air_ms":991.232,"decrypted":true,"type":"/payloads/ul","level":"info","message":"INCOMING HTTP POST"}
{"data":"iibTEHHdVQcKR+5+0+E=","port":1,"transmissionStatus":1,"fcnt":6,"timestamp":"2018-03-05T17:56:22.338Z","confirmed":false,"id":1520272466992,"deveui":"0004a30b001b0af1","type":"/payloads/dl","level":"info","message":"INCOMING HTTP PUT"}
{"data":"iibTEHHdVQcKR+5+0+E=","port":1,"transmissionStatus":3,"fcnt":6,"timestamp":"2018-03-05T17:57:46.509Z","confirmed":false,"id":1520272466992,"deveui":"0004a30b001b0af1","type":"/payloads/dl","level":"info","message":"INCOMING HTTP PUT"}
{"id":1520272666341,"deveui":"0004a30b001b0af1","timestamp":"2018-03-05T17:57:46.714Z","dataFrame":"1000d000331e441e55","fcnt":9,"port":1,"rssi":-102,"snr":-22,"sf_used":12,"cr_used":"4/5","device_redundancy":1,"time_on_air_ms":991.232,"decrypted":true,"type":"/payloads/ul","level":"info","message":"INCOMING HTTP POST"}
{"deveui":"0004a30b001b0af1","appeui":"0011223344556677","join_status":"JOIN_ACCEPTED","type":"/joininfo","level":"info","message":"INCOMING HTTP PUT","timestamp":"2018-03-05T18:00:58.035Z"}
{"deveui":"0004a30b001b0af1","appeui":"0011223344556677","join_status":"JOIN_ACCEPTED","type":"/joininfo","level":"info","message":"INCOMING HTTP PUT","timestamp":"2018-03-05T18:02:06.205Z"}
{"deveui":"0004a30b001b0af1","device_status":3,"last_reception":"2018-03-05T17:57:46.341Z","dl_fcnt":0,"device_class":0,"registration_status":1,"expiry_time_uplink":168,"expiry_time_downlink":168,"type":"/nodeinfo","level":"info","message":"INCOMING HTTP PUT","timestamp":"2018-03-05T18:02:27.804Z"}
{"id":1520272947429,"deveui":"0004a30b001b0af1","timestamp":"2018-03-05T18:02:27.949Z","dataFrame":"10001111331e221e44","fcnt":0,"port":1,"rssi":-110,"snr":-7,"sf_used":12,"cr_used":"4/5","device_redundancy":0,"time_on_air_ms":991.232,"decrypted":true,"type":"/payloads/ul","level":"info","message":"INCOMING HTTP POST"}
{"deveui":"0004a30b001b0af1","device_status":3,"last_reception":"2018-03-05T18:02:27.429Z","dl_fcnt":1,"device_class":0,"registration_status":1,"expiry_time_uplink":168,"expiry_time_downlink":168,"type":"/nodeinfo","level":"info","message":"INCOMING HTTP PUT","timestamp":"2018-03-05T18:03:04.491Z"}
{"id":1520272984444,"deveui":"0004a30b001b0af1","timestamp":"2018-03-05T18:03:04.501Z","dataFrame":"10001111331e221e44","fcnt":1,"port":1,"rssi":-110,"snr":-16,"sf_used":12,"cr_used":"4/5","device_redundancy":1,"time_on_air_ms":991.232,"decrypted":true,"type":"/payloads/ul","level":"info","message":"INCOMING HTTP POST"}
{"id":1520273009171,"deveui":"0004a30b001b0af1","timestamp":"2018-03-05T18:03:29.384Z","dataFrame":"10001111331e221e44","fcnt":2,"port":1,"rssi":-102,"snr":-21,"sf_used":12,"cr_used":"4/5","device_redundancy":1,"time_on_air_ms":991.232,"decrypted":true,"type":"/payloads/ul","level":"info","message":"INCOMING HTTP POST"}
{"id":1520273035528,"deveui":"0004a30b001b0af1","timestamp":"2018-03-05T18:03:55.761Z","dataFrame":"20002111331e221e44","fcnt":3,"port":1,"rssi":-108,"snr":-12,"sf_used":12,"cr_used":"4/5","device_redundancy":1,"time_on_air_ms":991.232,"decrypted":true,"type":"/payloads/ul","level":"info","message":"INCOMING HTTP POST"}
{"options":{"hostname":"ns1.pervasivenation.com","port":443,"headers":{"Accept":"Application/json","Authorization":"Basic amR1a2VzX3RjZDpqZHVrZXMxMjM0"},"path":"/rest/nodes/0004a30b001b0af1/payloads/dl?fcnt=2&port=01&confirmed=false","method":"POST"},"body":"IAAwADMeIh5EMx4iHkQ=","level":"info","message":"OUTGOING HTTP POST","timestamp":"2018-03-05T18:03:56.774Z"}
{"data":"3SboyZm/svhbsVZexWU=","port":1,"transmissionStatus":1,"fcnt":2,"timestamp":"2018-03-05T18:04:11.418Z","confirmed":false,"id":1520273036959,"deveui":"0004a30b001b0af1","type":"/payloads/dl","level":"info","message":"INCOMING HTTP PUT"}
{"id":1520273051046,"deveui":"0004a30b001b0af1","timestamp":"2018-03-05T18:04:11.428Z","dataFrame":"10001111331e221e44","fcnt":4,"port":1,"rssi":-109,"snr":-6,"sf_used":12,"cr_used":"4/5","device_redundancy":1,"time_on_air_ms":991.232,"decrypted":true,"type":"/payloads/ul","level":"info","message":"INCOMING HTTP POST"}
{"data":"3SboyZm/svhbsVZexWU=","port":1,"transmissionStatus":2,"fcnt":2,"timestamp":"2018-03-05T18:04:46.411Z","confirmed":false,"id":1520273036959,"deveui":"0004a30b001b0af1","type":"/payloads/dl","level":"info","message":"INCOMING HTTP PUT"}
{"id":1520273086408,"deveui":"0004a30b001b0af1","timestamp":"2018-03-05T18:04:46.636Z","dataFrame":"10001111331e221e44","fcnt":5,"port":1,"rssi":-110,"snr":-7,"sf_used":12,"cr_used":"4/5","device_redundancy":1,"time_on_air_ms":991.232,"decrypted":true,"type":"/payloads/ul","level":"info","message":"INCOMING HTTP POST"}
{"deveui":"0004a30b001b0af1","device_status":3,"last_reception":"2018-03-05T18:04:46.408Z","dl_fcnt":3,"device_class":0,"registration_status":1,"expiry_time_uplink":168,"expiry_time_downlink":168,"type":"/nodeinfo","level":"info","message":"INCOMING HTTP PUT","timestamp":"2018-03-05T18:05:01.945Z"}
{"id":1520273101892,"deveui":"0004a30b001b0af1","timestamp":"2018-03-05T18:05:02.250Z","dataFrame":"20002111331e221e44","fcnt":6,"port":1,"rssi":-109,"snr":-11,"sf_used":12,"cr_used":"4/5","device_redundancy":1,"time_on_air_ms":991.232,"decrypted":true,"type":"/payloads/ul","level":"info","message":"INCOMING HTTP POST"}
{"options":{"hostname":"ns1.pervasivenation.com","port":443,"headers":{"Accept":"Application/json","Authorization":"Basic amR1a2VzX3RjZDpqZHVrZXMxMjM0"},"path":"/rest/nodes/0004a30b001b0af1/payloads/dl?fcnt=4&port=01&confirmed=false","method":"POST"},"body":"IABAADMeIh5EMx4iHkQ=","level":"info","message":"OUTGOING HTTP POST","timestamp":"2018-03-05T18:05:03.275Z"}
{"data":"uC8LUUNDTJeFkKUmd44=","port":1,"transmissionStatus":1,"fcnt":4,"timestamp":"2018-03-05T18:05:07.584Z","confirmed":false,"id":1520273103354,"deveui":"0004a30b001b0af1","type":"/payloads/dl","level":"info","message":"INCOMING HTTP PUT"}
{"data":"uC8LUUNDTJeFkKUmd44=","port":1,"transmissionStatus":2,"fcnt":4,"timestamp":"2018-03-05T18:05:37.202Z","confirmed":false,"id":1520273103354,"deveui":"0004a30b001b0af1","type":"/payloads/dl","level":"info","message":"INCOMING HTTP PUT"}
{"id":1520273137504,"deveui":"0004a30b001b0af1","timestamp":"2018-03-05T18:05:37.557Z","dataFrame":"20003111331e221e44","fcnt":7,"port":1,"rssi":-108,"snr":-14,"sf_used":12,"cr_used":"4/5","device_redundancy":1,"time_on_air_ms":991.232,"decrypted":true,"type":"/payloads/ul","level":"info","message":"INCOMING HTTP POST"}
{"deveui":"0004a30b001b0af1","device_status":3,"last_reception":"2018-03-05T18:05:01.892Z","dl_fcnt":5,"device_class":0,"registration_status":1,"expiry_time_uplink":168,"expiry_time_downlink":168,"type":"/nodeinfo","level":"info","message":"INCOMING HTTP PUT","timestamp":"2018-03-05T18:05:38.029Z"}
{"options":{"hostname":"ns1.pervasivenation.com","port":443,"headers":{"Accept":"Application/json","Authorization":"Basic amR1a2VzX3RjZDpqZHVrZXMxMjM0"},"path":"/rest/nodes/0004a30b001b0af1/payloads/dl?fcnt=6&port=01&confirmed=false","method":"POST"},"body":"IABQADMeIh5EMx4iHkQ=","level":"info","message":"OUTGOING HTTP POST","timestamp":"2018-03-05T18:05:38.570Z"}
{"data":"iwbRSa8bZRuOcsatvSc=","port":1,"transmissionStatus":1,"fcnt":6,"timestamp":"2018-03-05T18:05:43.531Z","confirmed":false,"id":1520273138673,"deveui":"0004a30b001b0af1","type":"/payloads/dl","level":"info","message":"INCOMING HTTP PUT"}
