{"options":{"hostname":"ns1.pervasivenation.com","port":443,"headers":{"Accept":"Application/json","Authorization":"Basic amR1a2VzX3RjZDpqZHVrZXMxMjM0","Content-Type":"Application/json"},"path":"/rest/pushmode/start","method":"PUT"},"body":{"host":"http://osullkev.com","port":3030,"path_prefix":"/","auth_string":"Basic Og==","retry_policy":0},"level":"info","message":"OUTGOING HTTP PUT","timestamp":"2018-03-05T17:17:21.108Z"}
{"deveui":"0004a30b001b0af1","device_status":3,"last_reception":"2018-03-05T12:15:43.534Z","dl_fcnt":0,"device_class":0,"registration_status":1,"expiry_time_uplink":168,"expiry_time_downlink":168,"type":"/nodeinfo","level":"info","message":"INCOMING HTTP PUT","timestamp":"2018-03-05T17:17:33.668Z"}
{"id":1520270253259,"deveui":"0004a30b001b0af1","timestamp":"2018-03-05T17:17:33.808Z","dataFrame":"10001000331e441e55","fcnt":0,"port":1,"rssi":-110,"snr":-5,"sf_used":12,"cr_used":"4/5","device_redundancy":0,"time_on_air_ms":991.232,"decrypted":true,"type":"/payloads/ul","level":"info","message":"INCOMING HTTP POST"}
{"id":1520270276139,"deveui":"0004a30b001b0af1","timestamp":"2018-03-05T17:17:56.375Z","dataFrame":"20002000331e441e55","fcnt":1,"port":1,"rssi":-108,"snr":-9,"sf_used":12,"cr_used":"4/5","device_redundancy":1,"time_on_air_ms":991.232,"decrypted":true,"type":"/payloads/ul","level":"info","message":"INCOMING HTTP POST"}
{"deveui":"0004a30b001b0af1","device_status":3,"last_reception":"2018-03-05T17:17:33.259Z","dl_fcnt":1,"device_class":0,"registration_status":1,"expiry_time_uplink":168,"expiry_time_downlink":168,"type":"/nodeinfo","level":"info","message":"INCOMING HTTP PUT","timestamp":"2018-03-05T17:17:56.508Z"}
{"options":{"hostname":"ns1.pervasivenation.com","port":443,"headers":{"Accept":"Application/json","Authorization":"Basic amR1a2VzX3RjZDpqZHVrZXMxMjM0"},"path":"/rest/nodes/0004a30b001b0af1/payloads/dl?fcnt=2&port=01&confirmed=false","method":"POST"},"body":"IAAQADMeRB5VMx5EHlU=","level":"info","message":"OUTGOING HTTP POST","timestamp":"2018-03-05T17:17:57.399Z"}
{"deveui":"0004a30b001b0af1","appeui":"0011223344556677","join_status":"JOIN_ACCEPTED","type":"/joininfo","level":"info","message":"INCOMING HTTP PUT","timestamp":"2018-03-05T17:19:13.764Z"}
{"deveui":"0004a30b001b0af1","appeui":"0011223344556677","join_status":"JOIN_ACCEPTED","type":"/joininfo","level":"info","message":"INCOMING HTTP PUT","timestamp":"2018-03-05T17:19:47.332Z"}
{"deveui":"0004a30b001b0af1","appeui":"0011223344556677","join_status":"JOIN_ACCEPTED","type":"/joininfo","level":"info","message":"INCOMING HTTP PUT","timestamp":"2018-03-05T17:20:05.362Z"}
{"deveui":"0004a30b001b0af1","appeui":"0011223344556677","join_status":"JOIN_ACCEPTED","type":"/joininfo","level":"info","message":"INCOMING HTTP PUT","timestamp":"2018-03-05T17:20:53.864Z"}
{"deveui":"0004a30b001b0af1","device_status":3,"last_reception":"2018-03-05T17:17:56.139Z","dl_fcnt":0,"device_class":0,"registration_status":1,"expiry_time_uplink":168,"expiry_time_downlink":168,"type":"/nodeinfo","level":"info","message":"INCOMING HTTP PUT","timestamp":"2018-03-05T17:21:14.708Z"}
{"id":1520270474497,"deveui":"0004a30b001b0af1","timestamp":"2018-03-05T17:21:14.871Z","dataFrame":"10001000331e441e55","fcnt":0,"port":1,"rssi":-108,"snr":-7,"sf_used":12,"cr_used":"4/5","device_redundancy":0,"time_on_air_ms":991.232,"decrypted":true,"type":"/payloads/ul","level":"info","message":"INCOMING HTTP POST"}
{"id":1520270498468,"deveui":"0004a30b001b0af1","timestamp":"2018-03-05T17:21:38.848Z","dataFrame":"10002000331e441e55","fcnt":1,"port":1,"rssi":-109,"snr":-12,"sf_used":12,"cr_used":"4/5","device_redundancy":1,"time_on_air_ms":991.232,"decrypted":true,"type":"/payloads/ul","level":"info","message":"INCOMING HTTP POST"}
{"deveui":"0004a30b001b0af1","device_status":3,"last_reception":"2018-03-05T17:21:38.468Z","dl_fcnt":1,"device_class":0,"registration_status":1,"expiry_time_uplink":168,"expiry_time_downlink":168,"type":"/nodeinfo","level":"info","message":"INCOMING HTTP PUT","timestamp":"2018-03-05T17:22:01.066Z"}
{"id":1520270521014,"deveui":"0004a30b001b0af1","timestamp":"2018-03-05T17:22:01.242Z","dataFrame":"20003000331e441e55","fcnt":2,"port":1,"rssi":-111,"snr":-18,"sf_used":12,"cr_used":"4/5","device_redundancy":1,"time_on_air_ms":991.232,"decrypted":true,"type":"/payloads/ul","level":"info","message":"INCOMING HTTP POST"}
{"options":{"hostname":"ns1.pervasivenation.com","port":443,"headers":{"Accept":"Application/json","Authorization":"Basic amR1a2VzX3RjZDpqZHVrZXMxMjM0"},"path":"/rest/nodes/0004a30b001b0af1/payloads/dl?fcnt=2&port=01&confirmed=false","method":"POST"},"body":"IAAgADMeRB5VMx5EHlU=","level":"info","message":"OUTGOING HTTP POST","timestamp":"2018-03-05T17:22:02.256Z"}
{"data":"IAEr+OEwZY+1LCzZBm0=","port":1,"transmissionStatus":1,"fcnt":2,"timestamp":"2018-03-05T17:22:25.208Z","confirmed":false,"id":1520270522339,"deveui":"0004a30b001b0af1","type":"/payloads/dl","level":"info","message":"INCOMING HTTP PUT"}
{"id":1520270544841,"deveui":"0004a30b001b0af1","timestamp":"2018-03-05T17:22:25.367Z","dataFrame":"10004000331e441e55","fcnt":3,"port":1,"rssi":-109,"snr":-5,"sf_used":12,"cr_used":"4/5","device_redundancy":1,"time_on_air_ms":991.232,"decrypted":true,"type":"/payloads/ul","level":"info","message":"INCOMING HTTP POST"}
{"data":"IAEr+OEwZY+1LCzZBm0=","port":1,"transmissionStatus":3,"fcnt":2,"timestamp":"2018-03-05T17:23:13.456Z","confirmed":false,"id":1520270522339,"deveui":"0004a30b001b0af1","type":"/payloads/dl","level":"info","message":"INCOMING HTTP PUT"}
{"id":1520270593426,"deveui":"0004a30b001b0af1","timestamp":"2018-03-05T17:23:13.479Z","dataFrame":"10006000331e441e55","fcnt":5,"port":1,"rssi":-106,"snr":-18,"sf_used":12,"cr_used":"4/5","device_redundancy":1,"time_on_air_ms":991.232,"decrypted":true,"type":"/payloads/ul","level":"info","message":"INCOMING HTTP POST"}
{"deveui":"0004a30b001b0af1","device_status":3,"last_reception":"2018-03-05T17:22:24.841Z","dl_fcnt":3,"device_class":0,"registration_status":1,"expiry_time_uplink":168,"expiry_time_downlink":168,"type":"/nodeinfo","level":"info","message":"INCOMING HTTP PUT","timestamp":"2018-03-05T17:23:13.493Z"}
{"deveui":"0004a30b001b0af1","device_status":3,"last_reception":"2018-03-05T17:23:13.426Z","dl_fcnt":4,"device_class":0,"registration_status":1,"expiry_time_uplink":168,"expiry_time_downlink":168,"type":"/nodeinfo","level":"info","message":"INCOMING HTTP PUT","timestamp":"2018-03-05T17:23:37.136Z"}
{"id":1520270617091,"deveui":"0004a30b001b0af1","timestamp":"2018-03-05T17:23:37.446Z","dataFrame":"10007000331e441e55","fcnt":6,"port":1,"rssi":-109,"snr":-20,"sf_used":12,"cr_used":"4/5","device_redundancy":1,"time_on_air_ms":991.232,"decrypted":true,"type":"/payloads/ul","level":"info","message":"INCOMING HTTP POST"}
{"deveui":"0004a30b001b0af1","device_status":3,"last_reception":"2018-03-05T17:23:37.091Z","dl_fcnt":5,"device_class":0,"registration_status":1,"expiry_time_uplink":168,"expiry_time_downlink":168,"type":"/nodeinfo","level":"info","message":"INCOMING HTTP PUT","timestamp":"2018-03-05T17:24:01.759Z"}
{"id":1520270641708,"deveui":"0004a30b001b0af1","timestamp":"2018-03-05T17:24:01.921Z","dataFrame":"10008000331e441e55","fcnt":7,"port":1,"rssi":-111,"snr":-9,"sf_used":12,"cr_used":"4/5","device_redundancy":1,"time_on_air_ms":991.232,"decrypted":true,"type":"/payloads/ul","level":"info","message":"INCOMING HTTP POST"}
{"id":1520270664569,"deveui":"0004a30b001b0af1","timestamp":"2018-03-05T17:24:25.088Z","dataFrame":"300090000105071e22","fcnt":8,"port":1,"rssi":-111,"snr":-14,"sf_used":12,"cr_used":"4/5","device_redundancy":1,"time_on_air_ms":991.232,"decrypted":true,"type":"/payloads/ul","level":"info","message":"INCOMING HTTP POST"}
{"id":1520270688266,"deveui":"0004a30b001b0af1","timestamp":"2018-03-05T17:24:48.496Z","dataFrame":"1000a000331e441e55","fcnt":9,"port":1,"rssi":-111,"snr":-9,"sf_used":12,"cr_used":"4/5","device_redundancy":1,"time_on_air_ms":991.232,"decrypted":true,"type":"/payloads/ul","level":"info","message":"INCOMING HTTP POST"}
{"id":1520270708603,"deveui":"0004a30b001b0af1","timestamp":"2018-03-05T17:25:08.822Z","dataFrame":"2000b000331e441e55","fcnt":10,"port":1,"rssi":-102,"snr":-15,"sf_used":12,"cr_used":"4/5","device_redundancy":1,"time_on_air_ms":991.232,"decrypted":true,"type":"/payloads/ul","level":"info","message":"INCOMING HTTP POST"}
{"deveui":"0004a30b001b0af1","device_status":3,"last_reception":"2018-03-05T17:24:48.266Z","dl_fcnt":6,"device_class":0,"registration_status":1,"expiry_time_uplink":168,"expiry_time_downlink":168,"type":"/nodeinfo","level":"info","message":"INCOMING HTTP PUT","timestamp":"2018-03-05T17:25:08.952Z"}
{"options":{"hostname":"ns1.pervasivenation.com","port":443,"headers":{"Accept":"Application/json","Authorization":"Basic amR1a2VzX3RjZDpqZHVrZXMxMjM0"},"path":"/rest/nodes/0004a30b001b0af1/payloads/dl?fcnt=7&port=01&confirmed=false","method":"POST"},"body":"IAAwADMeRB5VMx5EHlU=","level":"info","message":"OUTGOING HTTP POST","timestamp":"2018-03-05T17:25:09.836Z"}
{"deveui":"0004a30b001b0af1","appeui":"0011223344556677","join_status":"JOIN_ACCEPTED","type":"/joininfo","level":"info","message":"INCOMING HTTP PUT","timestamp":"2018-03-05T17:27:55.600Z"}
{"deveui":"0004a30b001b0af1","appeui":"0011223344556677","join_status":"JOIN_ACCEPTED","type":"/joininfo","level":"info","message":"INCOMING HTTP PUT","timestamp":"2018-03-05T17:29:02.124Z"}
{"deveui":"0004a30b001b0af1","appeui":"0011223344556677","join_status":"JOIN_ACCEPTED","type":"/joininfo","level":"info","message":"INCOMING HTTP PUT","timestamp":"2018-03-05T17:37:07.167Z"}
{"deveui":"0004a30b001b0af1","appeui":"0011223344556677","join_status":"JOIN_ACCEPTED","type":"/joininfo","level":"info","message":"INCOMING HTTP PUT","timestamp":"2018-03-05T17:37:49.696Z"}
{"deveui":"0004a30b001b0af1","appeui":"0011223344556677","join_status":"JOIN_ACCEPTED","type":"/joininfo","level":"info","message":"INCOMING HTTP PUT","timestamp":"2018-03-05T17:38:07.757Z"}
